2024-07-01 18:39:32,696 [INFO] Activator:176 - 


2024-07-01 18:39:32,697 [INFO] Activator:177 - !SESSION log4j initialized
2024-07-01 18:39:35,303 [INFO] LogOutputStream:77 - [STDOUT_REDIRECT] 
2024-07-01 18:39:39,553 [INFO] ApplicationProperties:184 - Using Application install path: C:\ST\STM32CubeIDE_1.15.1\STM32CubeIDE\plugins\com.st.stm32cube.common.mx_6.11.1.202404110753
2024-07-01 18:39:39,568 [INFO] DbMcusXml:78 - Set database path to: C:\ST\STM32CubeIDE_1.15.1\STM32CubeIDE\plugins\com.st.stm32cube.common.mx_6.11.1.202404110753\\db\/mcu/
2024-07-01 18:39:39,569 [INFO] ApiDb:274 - Set plugin database path to: C:\ST\STM32CubeIDE_1.15.1\STM32CubeIDE\plugins\com.st.stm32cube.common.mx_6.11.1.202404110753\\db\/plugins/boardmanager/
2024-07-01 18:39:39,570 [WARN] ApiDb:259 - Overriding images path with different value:  => C:\ST\STM32CubeIDE_1.15.1\STM32CubeIDE\plugins\com.st.stm32cube.common.mx_6.11.1.202404110753\\db\/plugins/mcufinder/images/
2024-07-01 18:39:39,574 [INFO] ApiDb:250 - Set database path to: C:\Users\shun\.stmcufinder\plugins\mcufinder//mcu/
2024-07-01 18:39:39,574 [INFO] DbMcusAds:125 - Set database path to: C:\Users\shun\.stmcufinder\plugins\mcufinder//mcu/
2024-07-01 18:39:39,575 [INFO] CrossReferenceDbSqlite:203 - Set database path to: C:\Users\shun\.stmcufinder\plugins\mcufinder//mcu/cs/
2024-07-01 18:39:39,660 [INFO] RulesReader:64 - Compatibility file has been processed (297 Rules)
2024-07-01 18:39:39,726 [INFO] DbMcusXml:78 - Set database path to: C:\ST\STM32CubeIDE_1.15.1\STM32CubeIDE\plugins\com.st.stm32cube.common.mx_6.11.1.202404110753\\db\/mcu/
2024-07-01 18:39:39,726 [INFO] ApiDb:274 - Set plugin database path to: C:\ST\STM32CubeIDE_1.15.1\STM32CubeIDE\plugins\com.st.stm32cube.common.mx_6.11.1.202404110753\\db\/plugins/boardmanager/
2024-07-01 18:39:39,726 [INFO] ApiDb:261 - Set plugin images path to: C:\ST\STM32CubeIDE_1.15.1\STM32CubeIDE\plugins\com.st.stm32cube.common.mx_6.11.1.202404110753\\db\/plugins/mcufinder/images/
2024-07-01 18:39:39,727 [WARN] DbFile:41 - Overriding database path with different value: C:\Users\shun\.stmcufinder\plugins\mcufinder/ => C:\Users\shun\.stmcufinder\plugins\mcufinder
2024-07-01 18:39:39,727 [INFO] ApiDb:250 - Set database path to: C:\Users\shun\.stmcufinder\plugins\mcufinder//mcu/
2024-07-01 18:39:39,727 [WARN] DbFile:41 - Overriding database path with different value: C:\Users\shun\.stmcufinder\plugins\mcufinder/ => C:\Users\shun\.stmcufinder\plugins\mcufinder
2024-07-01 18:39:39,727 [INFO] DbMcusAds:125 - Set database path to: C:\Users\shun\.stmcufinder\plugins\mcufinder//mcu/
2024-07-01 18:39:39,727 [WARN] DbFile:41 - Overriding database path with different value: C:\Users\shun\.stmcufinder\plugins\mcufinder/ => C:\Users\shun\.stmcufinder\plugins\mcufinder
2024-07-01 18:39:39,727 [WARN] DbFile:41 - Overriding database path with different value: C:\Users\shun\.stmcufinder\plugins\mcufinder/ => C:\Users\shun\.stmcufinder\plugins\mcufinder
2024-07-01 18:39:39,727 [INFO] CrossReferenceDbSqlite:203 - Set database path to: C:\Users\shun\.stmcufinder\plugins\mcufinder//mcu/cs/
2024-07-01 18:39:39,773 [INFO] MainPanel:264 - HeapMemory: 268435456
2024-07-01 18:39:39,825 [INFO] DbMcusXml:78 - Set database path to: C:\ST\STM32CubeIDE_1.15.1\STM32CubeIDE\plugins\com.st.stm32cube.common.mx_6.11.1.202404110753\\db\/mcu/
2024-07-01 18:39:39,825 [INFO] ApiDb:274 - Set plugin database path to: C:\ST\STM32CubeIDE_1.15.1\STM32CubeIDE\plugins\com.st.stm32cube.common.mx_6.11.1.202404110753\\db\/plugins/boardmanager/
2024-07-01 18:39:39,825 [INFO] ApiDb:261 - Set plugin images path to: C:\ST\STM32CubeIDE_1.15.1\STM32CubeIDE\plugins\com.st.stm32cube.common.mx_6.11.1.202404110753\\db\/plugins/mcufinder/images/
2024-07-01 18:39:39,825 [WARN] DbFile:41 - Overriding database path with different value: C:\Users\shun\.stmcufinder\plugins\mcufinder/ => C:\Users\shun\.stmcufinder\plugins\mcufinder
2024-07-01 18:39:39,825 [INFO] ApiDb:250 - Set database path to: C:\Users\shun\.stmcufinder\plugins\mcufinder//mcu/
2024-07-01 18:39:39,825 [WARN] DbFile:41 - Overriding database path with different value: C:\Users\shun\.stmcufinder\plugins\mcufinder/ => C:\Users\shun\.stmcufinder\plugins\mcufinder
2024-07-01 18:39:39,825 [INFO] DbMcusAds:125 - Set database path to: C:\Users\shun\.stmcufinder\plugins\mcufinder//mcu/
2024-07-01 18:39:39,825 [WARN] DbFile:41 - Overriding database path with different value: C:\Users\shun\.stmcufinder\plugins\mcufinder/ => C:\Users\shun\.stmcufinder\plugins\mcufinder
2024-07-01 18:39:39,825 [WARN] DbFile:41 - Overriding database path with different value: C:\Users\shun\.stmcufinder\plugins\mcufinder/ => C:\Users\shun\.stmcufinder\plugins\mcufinder
2024-07-01 18:39:39,826 [INFO] CrossReferenceDbSqlite:203 - Set database path to: C:\Users\shun\.stmcufinder\plugins\mcufinder//mcu/cs/
2024-07-01 18:39:39,837 [INFO] ApplicationProperties:184 - Using Application install path: C:\ST\STM32CubeIDE_1.15.1\STM32CubeIDE\plugins\com.st.stm32cube.common.mx_6.11.1.202404110753
2024-07-01 18:39:39,838 [INFO] PluginManage:196 - Search for loadable plugins [exclusion list=, ]
2024-07-01 18:39:39,839 [INFO] PluginManage:310 - Check plugin analytics
2024-07-01 18:39:40,013 [INFO] AnalyticsPlugin:253 - Accepted Software Licenses: STM32CubeMX.6.11.1
2024-07-01 18:39:40,013 [INFO] AnalyticsPlugin:255 - Accepted CMSIS Pack Licenses: STMicroelectronics.X-CUBE-FREERTOS.1.0.1,STMicroelectronics.X-CUBE-TOUCHGFX.4.24.0
2024-07-01 18:39:40,013 [INFO] AnalyticsPlugin:257 - Accepted Firmware Licenses: FW.U5.1.5.0
2024-07-01 18:39:40,017 [INFO] PluginManage:359 - Loaded plugin analytics (category:tool,tabindex:-1)
2024-07-01 18:39:40,017 [INFO] PluginManage:310 - Check plugin cadmodel
2024-07-01 18:39:40,021 [INFO] CADModel:105 - Init CAD model plugin
2024-07-01 18:39:40,021 [INFO] PluginManage:359 - Loaded plugin cadmodel (category:power,tabindex:5)
2024-07-01 18:39:40,021 [INFO] PluginManage:310 - Check plugin clock
2024-07-01 18:39:40,027 [INFO] PluginManage:359 - Loaded plugin clock (category:base,tabindex:2)
2024-07-01 18:39:40,027 [INFO] PluginManage:310 - Check plugin ddr
2024-07-01 18:39:40,028 [INFO] PluginManage:359 - Loaded plugin ddr (category:tool,tabindex:6)
2024-07-01 18:39:40,028 [INFO] PluginManage:310 - Check plugin filemanager
2024-07-01 18:39:40,139 [INFO] PluginManage:359 - Loaded plugin filemanager (category:base,tabindex:10)
2024-07-01 18:39:40,139 [INFO] PluginManage:310 - Check plugin ipmanager
2024-07-01 18:39:40,144 [INFO] PluginManage:359 - Loaded plugin ipmanager (category:base,tabindex:5)
2024-07-01 18:39:40,145 [INFO] PluginManage:310 - Check plugin lpbam
2024-07-01 18:39:40,152 [INFO] PluginManage:359 - Loaded plugin lpbam (category:base,tabindex:0)
2024-07-01 18:39:40,153 [INFO] PluginManage:310 - Check plugin memorymap
2024-07-01 18:39:40,160 [INFO] PluginManage:359 - Loaded plugin memorymap (category:base,tabindex:4)
2024-07-01 18:39:40,160 [INFO] PluginManage:310 - Check plugin pinoutandconfiguration
2024-07-01 18:39:40,165 [INFO] PluginManage:359 - Loaded plugin pinoutandconfiguration (category:base,tabindex:1)
2024-07-01 18:39:40,165 [INFO] PluginManage:310 - Check plugin pinoutconfig
2024-07-01 18:39:40,218 [WARN] SupportedApi:132 - Cannot load RTOS API schema: s4s-elt-must-match.1: The content of 'definitions' must match (annotation?, (simpleType | complexType)?, (unique | key | keyref)*)). A problem was found starting at: attribute.
2024-07-01 18:39:40,296 [INFO] PluginManage:359 - Loaded plugin pinoutconfig (category:base,tabindex:0)
2024-07-01 18:39:40,296 [INFO] PluginManage:310 - Check plugin power
2024-07-01 18:39:40,302 [INFO] PluginManage:359 - Loaded plugin power (category:power,tabindex:4)
2024-07-01 18:39:40,302 [INFO] PluginManage:310 - Check plugin projectmanager
2024-07-01 18:39:40,314 [INFO] PluginManage:359 - Loaded plugin projectmanager (category:projectmanager,tabindex:3)
2024-07-01 18:39:40,314 [INFO] PluginManage:310 - Check plugin thirdparty
2024-07-01 18:39:40,400 [WARN] IntegrityCheckThread:84 - waiting for thirdparty lock release [integrity check]
2024-07-01 18:39:40,400 [INFO] IntegrityCheckThread:86 - entering critical section [integrity check]
2024-07-01 18:39:40,401 [INFO] PluginManage:359 - Loaded plugin thirdparty (category:base,tabindex:-1)
2024-07-01 18:39:40,401 [INFO] PluginManage:310 - Check plugin tools
2024-07-01 18:39:40,401 [INFO] ThirdPartyUpdaterWithRetryManager:70 - Updater plugin not ready yet. [1/15]
2024-07-01 18:39:40,404 [INFO] PluginManage:359 - Loaded plugin tools (category:base,tabindex:7)
2024-07-01 18:39:40,404 [INFO] PluginManage:310 - Check plugin tutovideos
2024-07-01 18:39:40,508 [INFO] PluginManage:359 - Loaded plugin tutovideos (category:base,tabindex:-1)
2024-07-01 18:39:40,508 [INFO] PluginManage:310 - Check plugin updater
2024-07-01 18:39:40,515 [INFO] PluginManage:359 - Loaded plugin updater (category:base,tabindex:12)
2024-07-01 18:39:40,515 [INFO] PluginManage:310 - Check plugin userauth
2024-07-01 18:39:40,518 [INFO] UserAuth:114 - Init User Auth plugin
2024-07-01 18:39:40,518 [INFO] PluginManage:359 - Loaded plugin userauth (category:base,tabindex:14)
2024-07-01 18:39:40,518 [INFO] PluginManage:283 - PluginManage : Loaded plugins [17]
2024-07-01 18:39:40,656 [INFO] PinOutPanel:1561 - setPackage(No Configuration,No Configuration)
2024-07-01 18:39:40,700 [INFO] CADModel:165 - CPN selected for project level
2024-07-01 18:39:40,700 [INFO] CADModel:114 - Register for checkConnection events
2024-07-01 18:39:40,711 [INFO] IPUIPlugin:80 - create IPUIPlugin
2024-07-01 18:39:40,711 [INFO] PluginManager:220 - loadIPPluginJar : add adc
2024-07-01 18:39:40,713 [INFO] IPUIPlugin:80 - create IPUIPlugin
2024-07-01 18:39:40,713 [INFO] PluginManager:220 - loadIPPluginJar : add aes
2024-07-01 18:39:40,715 [INFO] IPUIPlugin:80 - create IPUIPlugin
2024-07-01 18:39:40,715 [INFO] PluginManager:220 - loadIPPluginJar : add can
2024-07-01 18:39:40,716 [INFO] IPUIPlugin:80 - create IPUIPlugin
2024-07-01 18:39:40,716 [INFO] PluginManager:220 - loadIPPluginJar : add comp
2024-07-01 18:39:40,717 [INFO] IPUIPlugin:80 - create IPUIPlugin
2024-07-01 18:39:40,718 [INFO] PluginManager:220 - loadIPPluginJar : add cryp
2024-07-01 18:39:40,719 [INFO] IPUIPlugin:80 - create IPUIPlugin
2024-07-01 18:39:40,719 [INFO] PluginManager:220 - loadIPPluginJar : add dfsdm
2024-07-01 18:39:40,722 [INFO] IPUIPlugin:80 - create IPUIPlugin
2024-07-01 18:39:40,722 [INFO] PluginManager:220 - loadIPPluginJar : add dma
2024-07-01 18:39:40,724 [INFO] IPUIPlugin:80 - create IPUIPlugin
2024-07-01 18:39:40,724 [INFO] PluginManager:220 - loadIPPluginJar : add dma3
2024-07-01 18:39:40,725 [INFO] IPUIPlugin:80 - create IPUIPlugin
2024-07-01 18:39:40,725 [INFO] PluginManager:220 - loadIPPluginJar : add extmemmanager
2024-07-01 18:39:40,726 [INFO] IPUIPlugin:80 - create IPUIPlugin
2024-07-01 18:39:40,726 [INFO] PluginManager:220 - loadIPPluginJar : add fatfs
2024-07-01 18:39:40,729 [INFO] IPUIPlugin:80 - create IPUIPlugin
2024-07-01 18:39:40,729 [INFO] PluginManager:220 - loadIPPluginJar : add fmc
2024-07-01 18:39:40,732 [INFO] IPUIPlugin:80 - create IPUIPlugin
2024-07-01 18:39:40,732 [INFO] PluginManager:220 - loadIPPluginJar : add freertos
2024-07-01 18:39:40,733 [INFO] IPUIPlugin:80 - create IPUIPlugin
2024-07-01 18:39:40,733 [INFO] PluginManager:220 - loadIPPluginJar : add genericplugin
2024-07-01 18:39:40,734 [INFO] IPUIPlugin:80 - create IPUIPlugin
2024-07-01 18:39:40,734 [INFO] PluginManager:220 - loadIPPluginJar : add gfxmmu
2024-07-01 18:39:40,736 [INFO] IPUIPlugin:80 - create IPUIPlugin
2024-07-01 18:39:40,736 [INFO] PluginManager:220 - loadIPPluginJar : add gic
2024-07-01 18:39:40,739 [INFO] IPUIPlugin:80 - create IPUIPlugin
2024-07-01 18:39:40,739 [INFO] PluginManager:220 - loadIPPluginJar : add gpio
2024-07-01 18:39:40,740 [INFO] IPUIPlugin:80 - create IPUIPlugin
2024-07-01 18:39:40,740 [INFO] PluginManager:220 - loadIPPluginJar : add gtzc
2024-07-01 18:39:40,741 [INFO] IPUIPlugin:80 - create IPUIPlugin
2024-07-01 18:39:40,741 [INFO] PluginManager:220 - loadIPPluginJar : add hash
2024-07-01 18:39:40,743 [INFO] IPUIPlugin:80 - create IPUIPlugin
2024-07-01 18:39:40,743 [INFO] PluginManager:220 - loadIPPluginJar : add i2c
2024-07-01 18:39:40,744 [INFO] IPUIPlugin:80 - create IPUIPlugin
2024-07-01 18:39:40,744 [INFO] PluginManager:220 - loadIPPluginJar : add i2s
2024-07-01 18:39:40,745 [INFO] IPUIPlugin:80 - create IPUIPlugin
2024-07-01 18:39:40,745 [INFO] PluginManager:220 - loadIPPluginJar : add i3c
2024-07-01 18:39:40,747 [INFO] IPUIPlugin:80 - create IPUIPlugin
2024-07-01 18:39:40,747 [INFO] PluginManager:220 - loadIPPluginJar : add ipddr
2024-07-01 18:39:40,751 [INFO] IPUIPlugin:80 - create IPUIPlugin
2024-07-01 18:39:40,751 [INFO] PluginManager:220 - loadIPPluginJar : add linkedlist
2024-07-01 18:39:40,752 [INFO] IPUIPlugin:80 - create IPUIPlugin
2024-07-01 18:39:40,752 [INFO] PluginManager:220 - loadIPPluginJar : add lorawan
2024-07-01 18:39:40,753 [INFO] IPUIPlugin:80 - create IPUIPlugin
2024-07-01 18:39:40,753 [INFO] PluginManager:220 - loadIPPluginJar : add ltdc
2024-07-01 18:39:40,756 [INFO] IPUIPlugin:80 - create IPUIPlugin
2024-07-01 18:39:40,756 [INFO] PluginManager:220 - loadIPPluginJar : add mdma
2024-07-01 18:39:40,758 [INFO] IPUIPlugin:80 - create IPUIPlugin
2024-07-01 18:39:40,758 [INFO] PluginManager:220 - loadIPPluginJar : add nvic
2024-07-01 18:39:40,760 [INFO] IPUIPlugin:80 - create IPUIPlugin
2024-07-01 18:39:40,760 [INFO] PluginManager:220 - loadIPPluginJar : add opamp
2024-07-01 18:39:40,762 [INFO] IPUIPlugin:80 - create IPUIPlugin
2024-07-01 18:39:40,762 [INFO] PluginManager:220 - loadIPPluginJar : add openamp
2024-07-01 18:39:40,763 [INFO] IPUIPlugin:80 - create IPUIPlugin
2024-07-01 18:39:40,763 [INFO] PluginManager:220 - loadIPPluginJar : add pdm2pcm
2024-07-01 18:39:40,767 [INFO] IPUIPlugin:80 - create IPUIPlugin
2024-07-01 18:39:40,769 [INFO] PluginManager:220 - loadIPPluginJar : add plateformsettings
2024-07-01 18:39:40,770 [INFO] IPUIPlugin:80 - create IPUIPlugin
2024-07-01 18:39:40,770 [INFO] PluginManager:220 - loadIPPluginJar : add quadspi
2024-07-01 18:39:40,771 [INFO] IPUIPlugin:80 - create IPUIPlugin
2024-07-01 18:39:40,771 [INFO] PluginManager:220 - loadIPPluginJar : add resmgrutility
2024-07-01 18:39:40,773 [INFO] IPUIPlugin:80 - create IPUIPlugin
2024-07-01 18:39:40,773 [INFO] PluginManager:220 - loadIPPluginJar : add sai
2024-07-01 18:39:40,774 [INFO] IPUIPlugin:80 - create IPUIPlugin
2024-07-01 18:39:40,774 [INFO] PluginManager:220 - loadIPPluginJar : add spi
2024-07-01 18:39:40,779 [INFO] IPUIPlugin:80 - create IPUIPlugin
2024-07-01 18:39:40,779 [INFO] PluginManager:220 - loadIPPluginJar : add stm32_wpan
2024-07-01 18:39:40,780 [INFO] IPUIPlugin:80 - create IPUIPlugin
2024-07-01 18:39:40,780 [INFO] PluginManager:220 - loadIPPluginJar : add tim
2024-07-01 18:39:40,782 [INFO] IPUIPlugin:80 - create IPUIPlugin
2024-07-01 18:39:40,782 [INFO] PluginManager:220 - loadIPPluginJar : add touchsensing
2024-07-01 18:39:40,784 [INFO] IPUIPlugin:80 - create IPUIPlugin
2024-07-01 18:39:40,784 [INFO] PluginManager:220 - loadIPPluginJar : add tracer_emb
2024-07-01 18:39:40,785 [INFO] IPUIPlugin:80 - create IPUIPlugin
2024-07-01 18:39:40,785 [INFO] PluginManager:220 - loadIPPluginJar : add ts
2024-07-01 18:39:40,786 [INFO] IPUIPlugin:80 - create IPUIPlugin
2024-07-01 18:39:40,786 [INFO] PluginManager:220 - loadIPPluginJar : add tsc
2024-07-01 18:39:40,787 [INFO] IPUIPlugin:80 - create IPUIPlugin
2024-07-01 18:39:40,787 [INFO] PluginManager:220 - loadIPPluginJar : add ucpd
2024-07-01 18:39:40,789 [INFO] IPUIPlugin:80 - create IPUIPlugin
2024-07-01 18:39:40,789 [INFO] PluginManager:220 - loadIPPluginJar : add usart
2024-07-01 18:39:40,791 [INFO] IPUIPlugin:80 - create IPUIPlugin
2024-07-01 18:39:40,791 [INFO] PluginManager:220 - loadIPPluginJar : add usbx
2024-07-01 18:39:40,905 [INFO] CADModel:165 - CPN selected for project level
2024-07-01 18:39:40,906 [INFO] CADModel:114 - Register for checkConnection events
2024-07-01 18:39:40,906 [FATAL] Updater:308 - Updater called before beeing initialized
2024-07-01 18:39:40,906 [ERROR] CADModel:125 - Updater not yet initialized, retry later 
2024-07-01 18:39:41,024 [INFO] CADModel:165 - CPN selected for project level
2024-07-01 18:39:41,025 [INFO] CADModel:114 - Register for checkConnection events
2024-07-01 18:39:41,025 [FATAL] Updater:308 - Updater called before beeing initialized
2024-07-01 18:39:41,025 [ERROR] CADModel:125 - Updater not yet initialized, retry later 
2024-07-01 18:39:41,026 [FATAL] Updater:308 - Updater called before beeing initialized
2024-07-01 18:39:41,100 [FATAL] Updater:308 - Updater called before beeing initialized
2024-07-01 18:39:41,104 [INFO] DbMcusAds:53 - JSON generation date=Thu May 16 18:22:00 JST 2024 (1715851320852)
2024-07-01 18:39:41,105 [FATAL] Updater:308 - Updater called before beeing initialized
2024-07-01 18:39:41,129 [WARN] DetailPanel:346 - Failed to get advertising image, set to default
2024-07-01 18:39:41,198 [FATAL] Updater:308 - Updater called before beeing initialized
2024-07-01 18:39:41,199 [FATAL] Updater:308 - Updater called before beeing initialized
2024-07-01 18:39:41,199 [FATAL] Updater:308 - Updater called before beeing initialized
2024-07-01 18:39:41,200 [WARN] DetailPanel:346 - Failed to get advertising image, set to default
2024-07-01 18:39:41,201 [FATAL] Updater:308 - Updater called before beeing initialized
2024-07-01 18:39:41,234 [ERROR] Updater:1120 - MainUpdater not yet initialized. External WinMGr cannot be set.
2024-07-01 18:39:41,236 [INFO] Updater:1056 - Updater Version found : 6.11.1
2024-07-01 18:39:41,250 [INFO] ApplicationProperties:184 - Using Application install path: C:\ST\STM32CubeIDE_1.15.1\STM32CubeIDE\plugins\com.st.stm32cube.common.mx_6.11.1.202404110753
2024-07-01 18:39:41,515 [INFO] MainUpdater:2873 - connection check result : 10
2024-07-01 18:39:41,515 [INFO] MainUpdater:290 - Updater Check For Update Now.
2024-07-01 18:39:41,515 [INFO] MicroXplorer:498 - Change Database Version : DB.6.0.111
2024-07-01 18:39:41,524 [INFO] McuFinderGlobals:63 - Set McuFinder mode to 2 (CubeIDE integrated)
2024-07-01 18:39:41,532 [INFO] UserAuth:415 - Internet connection configuration mode: 1
2024-07-01 18:39:41,564 [INFO] JxBrowserEngine:152 - Initiate JxBrowser Engine with user profile folder
2024-07-01 18:39:41,683 [INFO] CheckServerUpdateThread:120 - End of CheckServer Thread
2024-07-01 18:39:42,112 [INFO] WebApp:161 - Instantiating new browser for Auth
2024-07-01 18:39:42,486 [INFO] WebApp:779 - Register for checkConnection events
2024-07-01 18:39:42,486 [INFO] WebApp:414 - Apply proxy settings
2024-07-01 18:39:42,486 [INFO] WebApp:499 - Chromium requires no authentication
2024-07-01 18:39:42,490 [INFO] WebApp:442 - Direct internet connection detected
2024-07-01 18:39:42,588 [INFO] WebApp:192 - Starting web application
2024-07-01 18:39:42,588 [INFO] WebApp:544 - Web application path used C:\ST\STM32CubeIDE_1.15.1\STM32CubeIDE\plugins\com.st.stm32cube.common.mx_6.11.1.202404110753\db\plugins\mcufinder\reactClient1\index.html
2024-07-01 18:39:43,520 [WARN] PackLoader:240 - Cannot read IP mode file for STMicroelectronics.FP-SNS-MOTENVWB1.1.4.0
2024-07-01 18:39:43,529 [WARN] PackLoader:240 - Cannot read IP mode file for STMicroelectronics.X-CUBE-SMBUS.2.1.0
2024-07-01 18:39:43,549 [WARN] PackLoader:240 - Cannot read IP mode file for STMicroelectronics.X-CUBE-AZRTOS-F7.1.1.0
2024-07-01 18:39:43,557 [WARN] PackLoader:240 - Cannot read IP mode file for STMicroelectronics.FP-SNS-FLIGHT1.5.0.2
2024-07-01 18:39:43,566 [WARN] PackLoader:240 - Cannot read IP mode file for STMicroelectronics.X-CUBE-DISPLAY.3.0.0
2024-07-01 18:39:43,580 [WARN] PackLoader:240 - Cannot read IP mode file for STMicroelectronics.X-CUBE-BLE1.7.0.0
2024-07-01 18:39:43,587 [WARN] PackLoader:240 - Cannot read IP mode file for emotas.I-CUBE-CANOPEN.1.3.0
2024-07-01 18:39:43,597 [WARN] PackLoader:240 - Cannot read IP mode file for STMicroelectronics.X-CUBE-BLEMGR.3.1.0
2024-07-01 18:39:43,604 [WARN] PackLoader:240 - Cannot read IP mode file for STMicroelectronics.FP-SNS-SMARTAG2.1.2.0
2024-07-01 18:39:43,616 [INFO] LogOutputStream:77 - [STDOUT_REDIRECT] 1 : Invalid condition id : UX_CORESTACK_Condition cause : null
2024-07-01 18:39:43,617 [INFO] LogOutputStream:77 - [STDOUT_REDIRECT] 1 : Invalid condition id : UX_CORESTACK_Condition cause : null
2024-07-01 18:39:43,618 [INFO] LogOutputStream:77 - [STDOUT_REDIRECT] 1 : Invalid condition id : UX_CORESTACK_Condition cause : null
2024-07-01 18:39:43,619 [INFO] LogOutputStream:77 - [STDOUT_REDIRECT] 1 : Invalid condition id : UX_CORESTACK_Condition cause : null
2024-07-01 18:39:43,621 [INFO] LogOutputStream:77 - [STDOUT_REDIRECT] 1 : Invalid condition id : UX_CORESTACK_Condition cause : null
2024-07-01 18:39:43,629 [WARN] PackLoader:240 - Cannot read IP mode file for STMicroelectronics.X-CUBE-AZRTOS-WL.2.0.0
2024-07-01 18:39:43,636 [WARN] PackLoader:240 - Cannot read IP mode file for STMicroelectronics.FP-SNS-MOTENV1.5.0.0
2024-07-01 18:39:43,640 [WARN] PackLoader:240 - Cannot read IP mode file for wolfSSL.I-CUBE-wolfMQTT.1.19.0
2024-07-01 18:39:43,644 [WARN] PackLoader:240 - Cannot read IP mode file for STMicroelectronics.X-CUBE-BLE2.3.3.0
2024-07-01 18:39:43,666 [WARN] PackLoader:240 - Cannot read IP mode file for STMicroelectronics.X-CUBE-TCPP.4.1.0
2024-07-01 18:39:43,686 [WARN] PackLoader:240 - Cannot read IP mode file for STMicroelectronics.X-CUBE-AZRTOS-G0.1.1.0
2024-07-01 18:39:43,693 [WARN] PackLoader:240 - Cannot read IP mode file for STMicroelectronics.X-CUBE-SAFEA1.1.2.2
2024-07-01 18:39:43,698 [WARN] PackLoader:240 - Cannot read IP mode file for STMicroelectronics.X-CUBE-NFC4.3.0.0
2024-07-01 18:39:43,702 [WARN] PackLoader:240 - Cannot read IP mode file for wolfSSL.I-CUBE-wolfSSL.5.7.0
2024-07-01 18:39:43,704 [WARN] PackLoader:240 - Cannot read IP mode file for STMicroelectronics.FP-ATR-SIGFOX1.3.2.0
2024-07-01 18:39:43,708 [WARN] PackLoader:240 - Cannot read IP mode file for STMicroelectronics.X-CUBE-EEPRMA1.5.1.0
2024-07-01 18:39:43,714 [WARN] PackLoader:240 - Cannot read IP mode file for ITTIA_DB.I-CUBE-ITTIADB.8.9.0
2024-07-01 18:39:43,751 [WARN] PackLoader:240 - Cannot read IP mode file for SEGGER.I-CUBE-embOS.1.3.1
2024-07-01 18:39:43,775 [WARN] PackLoader:240 - Cannot read IP mode file for STMicroelectronics.X-CUBE-ALGOBUILD.1.4.0
2024-07-01 18:39:43,779 [WARN] PackLoader:240 - Cannot read IP mode file for STMicroelectronics.X-CUBE-GNSS1.6.0.0
2024-07-01 18:39:43,792 [WARN] PackLoader:240 - Cannot read IP mode file for STMicroelectronics.X-CUBE-AZRTOS-F4.1.1.0
2024-07-01 18:39:43,801 [WARN] PackLoader:240 - Cannot read IP mode file for STMicroelectronics.X-CUBE-FREERTOS.1.2.0
2024-07-01 18:39:43,814 [WARN] PackLoader:240 - Cannot read IP mode file for STMicroelectronics.X-CUBE-AZRTOS-L5.2.0.0
2024-07-01 18:39:43,821 [WARN] PackLoader:240 - Cannot read IP mode file for STMicroelectronics.X-CUBE-NFC6.3.1.0
2024-07-01 18:39:43,824 [WARN] PackLoader:240 - Cannot read IP mode file for STMicroelectronics.X-CUBE-AI.9.0.0
2024-07-01 18:39:43,827 [WARN] PackLoader:240 - Cannot read IP mode file for STMicroelectronics.X-CUBE-NFC7.1.0.1
2024-07-01 18:39:43,839 [WARN] ConditionMgr:438 - getConditionDescription Invalid condition id : LAN8742 Phy interface Condition cause : null
2024-07-01 18:39:43,839 [WARN] PackLoader:240 - Cannot read IP mode file for STMicroelectronics.X-CUBE-AZRTOS-L4.2.0.0
2024-07-01 18:39:43,840 [WARN] ConditionMgr:1039 - genDependencies : Invalid condition id : LAN8742 Phy interface Condition cause : null
2024-07-01 18:39:43,840 [WARN] ConditionMgr:1039 - genDependencies : Invalid condition id : LAN8742 Phy interface Condition cause : null
2024-07-01 18:39:43,840 [WARN] ConditionMgr:1039 - genDependencies : Invalid condition id : LAN8742 Phy interface Condition cause : null
2024-07-01 18:39:43,849 [WARN] PackLoader:240 - Cannot read IP mode file for STMicroelectronics.X-CUBE-SFXS2LP1.4.0.0
2024-07-01 18:39:43,855 [WARN] ConditionMgr:438 - getConditionDescription Invalid condition id : UX DEVICE CLASS RTOS Condition cause : null
2024-07-01 18:39:43,855 [WARN] ConditionMgr:438 - getConditionDescription Invalid condition id : UX DEVICE CLASS RTOS Condition cause : null
2024-07-01 18:39:43,856 [WARN] PackLoader:240 - Cannot read IP mode file for STMicroelectronics.X-CUBE-AZRTOS-WB.2.0.0
2024-07-01 18:39:43,856 [WARN] ConditionMgr:1039 - genDependencies : Invalid condition id : UX DEVICE CLASS RTOS Condition cause : null
2024-07-01 18:39:43,856 [WARN] ConditionMgr:1039 - genDependencies : Invalid condition id : UX DEVICE CLASS RTOS Condition cause : null
2024-07-01 18:39:43,857 [WARN] ConditionMgr:1039 - genDependencies : Invalid condition id : UX DEVICE CLASS RTOS Condition cause : null
2024-07-01 18:39:43,857 [WARN] ConditionMgr:1039 - genDependencies : Invalid condition id : UX DEVICE CLASS RTOS Condition cause : null
2024-07-01 18:39:43,857 [WARN] ConditionMgr:1039 - genDependencies : Invalid condition id : UX DEVICE CLASS RTOS Condition cause : null
2024-07-01 18:39:43,861 [WARN] PackLoader:240 - Cannot read IP mode file for STMicroelectronics.X-CUBE-FREERTOS.1.0.1
2024-07-01 18:39:43,933 [WARN] PackLoader:240 - Cannot read IP mode file for STMicroelectronics.X-CUBE-SUBG2.5.0.0
2024-07-01 18:39:43,938 [WARN] PackLoader:240 - Cannot read IP mode file for Cesanta.I-CUBE-Mongoose.7.13.0
2024-07-01 18:39:43,945 [WARN] PackLoader:240 - Cannot read IP mode file for STMicroelectronics.X-CUBE-AZRTOS-G4.2.0.0
2024-07-01 18:39:43,949 [WARN] PackLoader:240 - Cannot read IP mode file for STMicroelectronics.X-CUBE-ISPU.2.0.0
2024-07-01 18:39:43,951 [WARN] PackLoader:240 - Cannot read IP mode file for STMicroelectronics.X-CUBE-ALS.1.0.2
2024-07-01 18:39:43,970 [WARN] PackLoader:240 - Cannot read IP mode file for STMicroelectronics.X-CUBE-MEMS1.10.0.0
2024-07-01 18:39:44,041 [WARN] PackLoader:240 - Cannot read IP mode file for STMicroelectronics.X-CUBE-TOUCHGFX.4.24.0
2024-07-01 18:39:44,065 [WARN] PackLoader:240 - Cannot read IP mode file for portGmbH.I-Cube-SoM-uGOAL.1.1.0
2024-07-01 18:39:44,075 [WARN] PackLoader:240 - Cannot read IP mode file for STMicroelectronics.X-CUBE-AZRTOS-H7RS.1.0.0
2024-07-01 18:39:44,079 [WARN] PackLoader:240 - Cannot read IP mode file for STMicroelectronics.FP-ATR-ASTRA1.2.0.0
2024-07-01 18:39:44,084 [WARN] PackLoader:240 - Cannot read IP mode file for STMicroelectronics.X-CUBE-TOF1.3.4.1
2024-07-01 18:39:44,099 [WARN] PackLoader:240 - Cannot read IP mode file for STMicroelectronics.X-CUBE-AZRTOS-H7.3.2.0
2024-07-01 18:39:44,107 [WARN] PackLoader:240 - Cannot read IP mode file for Infineon.AIROC-Wi-Fi-Bluetooth-STM32.1.6.0
2024-07-01 18:39:44,110 [INFO] ThirdParty:978 - Integrity check success = true
2024-07-01 18:39:44,110 [INFO] IntegrityCheckThread:100 - exiting critical section [integrity check]
2024-07-01 18:39:44,110 [INFO] IntegrityCheckThread:103 - End integrity checks thread
2024-07-01 18:47:14,048 [INFO] Activator:176 - 


2024-07-01 18:47:14,050 [INFO] Activator:177 - !SESSION log4j initialized
2024-07-01 18:47:18,911 [INFO] LogOutputStream:77 - [STDOUT_REDIRECT] 
2024-07-01 18:47:22,420 [INFO] ApplicationProperties:184 - Using Application install path: C:\ST\STM32CubeIDE_1.15.1\STM32CubeIDE\plugins\com.st.stm32cube.common.mx_6.11.1.202404110753
2024-07-01 18:47:22,431 [INFO] DbMcusXml:78 - Set database path to: C:\ST\STM32CubeIDE_1.15.1\STM32CubeIDE\plugins\com.st.stm32cube.common.mx_6.11.1.202404110753\\db\/mcu/
2024-07-01 18:47:22,432 [INFO] ApiDb:274 - Set plugin database path to: C:\ST\STM32CubeIDE_1.15.1\STM32CubeIDE\plugins\com.st.stm32cube.common.mx_6.11.1.202404110753\\db\/plugins/boardmanager/
2024-07-01 18:47:22,432 [WARN] ApiDb:259 - Overriding images path with different value:  => C:\ST\STM32CubeIDE_1.15.1\STM32CubeIDE\plugins\com.st.stm32cube.common.mx_6.11.1.202404110753\\db\/plugins/mcufinder/images/
2024-07-01 18:47:22,436 [INFO] ApiDb:250 - Set database path to: C:\Users\shun\.stmcufinder\plugins\mcufinder//mcu/
2024-07-01 18:47:22,437 [INFO] DbMcusAds:125 - Set database path to: C:\Users\shun\.stmcufinder\plugins\mcufinder//mcu/
2024-07-01 18:47:22,438 [INFO] CrossReferenceDbSqlite:203 - Set database path to: C:\Users\shun\.stmcufinder\plugins\mcufinder//mcu/cs/
2024-07-01 18:47:22,518 [INFO] RulesReader:64 - Compatibility file has been processed (297 Rules)
2024-07-01 18:47:22,598 [INFO] DbMcusXml:78 - Set database path to: C:\ST\STM32CubeIDE_1.15.1\STM32CubeIDE\plugins\com.st.stm32cube.common.mx_6.11.1.202404110753\\db\/mcu/
2024-07-01 18:47:22,598 [INFO] ApiDb:274 - Set plugin database path to: C:\ST\STM32CubeIDE_1.15.1\STM32CubeIDE\plugins\com.st.stm32cube.common.mx_6.11.1.202404110753\\db\/plugins/boardmanager/
2024-07-01 18:47:22,598 [INFO] ApiDb:261 - Set plugin images path to: C:\ST\STM32CubeIDE_1.15.1\STM32CubeIDE\plugins\com.st.stm32cube.common.mx_6.11.1.202404110753\\db\/plugins/mcufinder/images/
2024-07-01 18:47:22,598 [WARN] DbFile:41 - Overriding database path with different value: C:\Users\shun\.stmcufinder\plugins\mcufinder/ => C:\Users\shun\.stmcufinder\plugins\mcufinder
2024-07-01 18:47:22,599 [INFO] ApiDb:250 - Set database path to: C:\Users\shun\.stmcufinder\plugins\mcufinder//mcu/
2024-07-01 18:47:22,599 [WARN] DbFile:41 - Overriding database path with different value: C:\Users\shun\.stmcufinder\plugins\mcufinder/ => C:\Users\shun\.stmcufinder\plugins\mcufinder
2024-07-01 18:47:22,599 [INFO] DbMcusAds:125 - Set database path to: C:\Users\shun\.stmcufinder\plugins\mcufinder//mcu/
2024-07-01 18:47:22,599 [WARN] DbFile:41 - Overriding database path with different value: C:\Users\shun\.stmcufinder\plugins\mcufinder/ => C:\Users\shun\.stmcufinder\plugins\mcufinder
2024-07-01 18:47:22,599 [WARN] DbFile:41 - Overriding database path with different value: C:\Users\shun\.stmcufinder\plugins\mcufinder/ => C:\Users\shun\.stmcufinder\plugins\mcufinder
2024-07-01 18:47:22,599 [INFO] CrossReferenceDbSqlite:203 - Set database path to: C:\Users\shun\.stmcufinder\plugins\mcufinder//mcu/cs/
2024-07-01 18:47:22,653 [INFO] MainPanel:264 - HeapMemory: 268435456
2024-07-01 18:47:22,701 [INFO] DbMcusXml:78 - Set database path to: C:\ST\STM32CubeIDE_1.15.1\STM32CubeIDE\plugins\com.st.stm32cube.common.mx_6.11.1.202404110753\\db\/mcu/
2024-07-01 18:47:22,701 [INFO] ApiDb:274 - Set plugin database path to: C:\ST\STM32CubeIDE_1.15.1\STM32CubeIDE\plugins\com.st.stm32cube.common.mx_6.11.1.202404110753\\db\/plugins/boardmanager/
2024-07-01 18:47:22,701 [INFO] ApiDb:261 - Set plugin images path to: C:\ST\STM32CubeIDE_1.15.1\STM32CubeIDE\plugins\com.st.stm32cube.common.mx_6.11.1.202404110753\\db\/plugins/mcufinder/images/
2024-07-01 18:47:22,701 [WARN] DbFile:41 - Overriding database path with different value: C:\Users\shun\.stmcufinder\plugins\mcufinder/ => C:\Users\shun\.stmcufinder\plugins\mcufinder
2024-07-01 18:47:22,701 [INFO] ApiDb:250 - Set database path to: C:\Users\shun\.stmcufinder\plugins\mcufinder//mcu/
2024-07-01 18:47:22,701 [WARN] DbFile:41 - Overriding database path with different value: C:\Users\shun\.stmcufinder\plugins\mcufinder/ => C:\Users\shun\.stmcufinder\plugins\mcufinder
2024-07-01 18:47:22,701 [INFO] DbMcusAds:125 - Set database path to: C:\Users\shun\.stmcufinder\plugins\mcufinder//mcu/
2024-07-01 18:47:22,701 [WARN] DbFile:41 - Overriding database path with different value: C:\Users\shun\.stmcufinder\plugins\mcufinder/ => C:\Users\shun\.stmcufinder\plugins\mcufinder
2024-07-01 18:47:22,701 [WARN] DbFile:41 - Overriding database path with different value: C:\Users\shun\.stmcufinder\plugins\mcufinder/ => C:\Users\shun\.stmcufinder\plugins\mcufinder
2024-07-01 18:47:22,701 [INFO] CrossReferenceDbSqlite:203 - Set database path to: C:\Users\shun\.stmcufinder\plugins\mcufinder//mcu/cs/
2024-07-01 18:47:22,713 [INFO] ApplicationProperties:184 - Using Application install path: C:\ST\STM32CubeIDE_1.15.1\STM32CubeIDE\plugins\com.st.stm32cube.common.mx_6.11.1.202404110753
2024-07-01 18:47:22,714 [INFO] PluginManage:196 - Search for loadable plugins [exclusion list=, ]
2024-07-01 18:47:22,715 [INFO] PluginManage:310 - Check plugin analytics
2024-07-01 18:47:22,898 [INFO] AnalyticsPlugin:253 - Accepted Software Licenses: STM32CubeMX.6.11.1
2024-07-01 18:47:22,898 [INFO] AnalyticsPlugin:255 - Accepted CMSIS Pack Licenses: STMicroelectronics.X-CUBE-FREERTOS.1.0.1,STMicroelectronics.X-CUBE-TOUCHGFX.4.24.0
2024-07-01 18:47:22,898 [INFO] AnalyticsPlugin:257 - Accepted Firmware Licenses: FW.U5.1.5.0
2024-07-01 18:47:22,902 [INFO] PluginManage:359 - Loaded plugin analytics (category:tool,tabindex:-1)
2024-07-01 18:47:22,902 [INFO] PluginManage:310 - Check plugin cadmodel
2024-07-01 18:47:22,906 [INFO] CADModel:105 - Init CAD model plugin
2024-07-01 18:47:22,906 [INFO] PluginManage:359 - Loaded plugin cadmodel (category:power,tabindex:5)
2024-07-01 18:47:22,906 [INFO] PluginManage:310 - Check plugin clock
2024-07-01 18:47:22,920 [INFO] PluginManage:359 - Loaded plugin clock (category:base,tabindex:2)
2024-07-01 18:47:22,920 [INFO] PluginManage:310 - Check plugin ddr
2024-07-01 18:47:22,921 [INFO] PluginManage:359 - Loaded plugin ddr (category:tool,tabindex:6)
2024-07-01 18:47:22,921 [INFO] PluginManage:310 - Check plugin filemanager
2024-07-01 18:47:23,036 [INFO] PluginManage:359 - Loaded plugin filemanager (category:base,tabindex:10)
2024-07-01 18:47:23,037 [INFO] PluginManage:310 - Check plugin ipmanager
2024-07-01 18:47:23,043 [INFO] PluginManage:359 - Loaded plugin ipmanager (category:base,tabindex:5)
2024-07-01 18:47:23,043 [INFO] PluginManage:310 - Check plugin lpbam
2024-07-01 18:47:23,049 [INFO] PluginManage:359 - Loaded plugin lpbam (category:base,tabindex:0)
2024-07-01 18:47:23,049 [INFO] PluginManage:310 - Check plugin memorymap
2024-07-01 18:47:23,059 [INFO] PluginManage:359 - Loaded plugin memorymap (category:base,tabindex:4)
2024-07-01 18:47:23,059 [INFO] PluginManage:310 - Check plugin pinoutandconfiguration
2024-07-01 18:47:23,064 [INFO] PluginManage:359 - Loaded plugin pinoutandconfiguration (category:base,tabindex:1)
2024-07-01 18:47:23,064 [INFO] PluginManage:310 - Check plugin pinoutconfig
2024-07-01 18:47:23,152 [WARN] SupportedApi:132 - Cannot load RTOS API schema: s4s-elt-must-match.1: The content of 'definitions' must match (annotation?, (simpleType | complexType)?, (unique | key | keyref)*)). A problem was found starting at: attribute.
2024-07-01 18:47:23,260 [INFO] PluginManage:359 - Loaded plugin pinoutconfig (category:base,tabindex:0)
2024-07-01 18:47:23,260 [INFO] PluginManage:310 - Check plugin power
2024-07-01 18:47:23,267 [INFO] PluginManage:359 - Loaded plugin power (category:power,tabindex:4)
2024-07-01 18:47:23,267 [INFO] PluginManage:310 - Check plugin projectmanager
2024-07-01 18:47:23,281 [INFO] PluginManage:359 - Loaded plugin projectmanager (category:projectmanager,tabindex:3)
2024-07-01 18:47:23,282 [INFO] PluginManage:310 - Check plugin thirdparty
2024-07-01 18:47:23,379 [WARN] IntegrityCheckThread:84 - waiting for thirdparty lock release [integrity check]
2024-07-01 18:47:23,379 [INFO] IntegrityCheckThread:86 - entering critical section [integrity check]
2024-07-01 18:47:23,380 [INFO] PluginManage:359 - Loaded plugin thirdparty (category:base,tabindex:-1)
2024-07-01 18:47:23,380 [INFO] PluginManage:310 - Check plugin tools
2024-07-01 18:47:23,380 [INFO] ThirdPartyUpdaterWithRetryManager:70 - Updater plugin not ready yet. [1/15]
2024-07-01 18:47:23,385 [INFO] PluginManage:359 - Loaded plugin tools (category:base,tabindex:7)
2024-07-01 18:47:23,385 [INFO] PluginManage:310 - Check plugin tutovideos
2024-07-01 18:47:23,504 [INFO] PluginManage:359 - Loaded plugin tutovideos (category:base,tabindex:-1)
2024-07-01 18:47:23,504 [INFO] PluginManage:310 - Check plugin updater
2024-07-01 18:47:23,511 [INFO] PluginManage:359 - Loaded plugin updater (category:base,tabindex:12)
2024-07-01 18:47:23,511 [INFO] PluginManage:310 - Check plugin userauth
2024-07-01 18:47:23,514 [INFO] UserAuth:114 - Init User Auth plugin
2024-07-01 18:47:23,514 [INFO] PluginManage:359 - Loaded plugin userauth (category:base,tabindex:14)
2024-07-01 18:47:23,515 [INFO] PluginManage:283 - PluginManage : Loaded plugins [17]
2024-07-01 18:47:23,659 [INFO] PinOutPanel:1561 - setPackage(No Configuration,No Configuration)
2024-07-01 18:47:23,707 [INFO] CADModel:165 - CPN selected for project level
2024-07-01 18:47:23,708 [INFO] CADModel:114 - Register for checkConnection events
2024-07-01 18:47:23,720 [INFO] IPUIPlugin:80 - create IPUIPlugin
2024-07-01 18:47:23,720 [INFO] PluginManager:220 - loadIPPluginJar : add adc
2024-07-01 18:47:23,721 [INFO] IPUIPlugin:80 - create IPUIPlugin
2024-07-01 18:47:23,721 [INFO] PluginManager:220 - loadIPPluginJar : add aes
2024-07-01 18:47:23,723 [INFO] IPUIPlugin:80 - create IPUIPlugin
2024-07-01 18:47:23,723 [INFO] PluginManager:220 - loadIPPluginJar : add can
2024-07-01 18:47:23,724 [INFO] IPUIPlugin:80 - create IPUIPlugin
2024-07-01 18:47:23,724 [INFO] PluginManager:220 - loadIPPluginJar : add comp
2024-07-01 18:47:23,725 [INFO] IPUIPlugin:80 - create IPUIPlugin
2024-07-01 18:47:23,725 [INFO] PluginManager:220 - loadIPPluginJar : add cryp
2024-07-01 18:47:23,727 [INFO] IPUIPlugin:80 - create IPUIPlugin
2024-07-01 18:47:23,727 [INFO] PluginManager:220 - loadIPPluginJar : add dfsdm
2024-07-01 18:47:23,731 [INFO] IPUIPlugin:80 - create IPUIPlugin
2024-07-01 18:47:23,731 [INFO] PluginManager:220 - loadIPPluginJar : add dma
2024-07-01 18:47:23,732 [INFO] IPUIPlugin:80 - create IPUIPlugin
2024-07-01 18:47:23,732 [INFO] PluginManager:220 - loadIPPluginJar : add dma3
2024-07-01 18:47:23,734 [INFO] IPUIPlugin:80 - create IPUIPlugin
2024-07-01 18:47:23,734 [INFO] PluginManager:220 - loadIPPluginJar : add extmemmanager
2024-07-01 18:47:23,735 [INFO] IPUIPlugin:80 - create IPUIPlugin
2024-07-01 18:47:23,735 [INFO] PluginManager:220 - loadIPPluginJar : add fatfs
2024-07-01 18:47:23,739 [INFO] IPUIPlugin:80 - create IPUIPlugin
2024-07-01 18:47:23,739 [INFO] PluginManager:220 - loadIPPluginJar : add fmc
2024-07-01 18:47:23,742 [INFO] IPUIPlugin:80 - create IPUIPlugin
2024-07-01 18:47:23,743 [INFO] PluginManager:220 - loadIPPluginJar : add freertos
2024-07-01 18:47:23,744 [INFO] IPUIPlugin:80 - create IPUIPlugin
2024-07-01 18:47:23,744 [INFO] PluginManager:220 - loadIPPluginJar : add genericplugin
2024-07-01 18:47:23,745 [INFO] IPUIPlugin:80 - create IPUIPlugin
2024-07-01 18:47:23,745 [INFO] PluginManager:220 - loadIPPluginJar : add gfxmmu
2024-07-01 18:47:23,748 [INFO] IPUIPlugin:80 - create IPUIPlugin
2024-07-01 18:47:23,748 [INFO] PluginManager:220 - loadIPPluginJar : add gic
2024-07-01 18:47:23,751 [INFO] IPUIPlugin:80 - create IPUIPlugin
2024-07-01 18:47:23,751 [INFO] PluginManager:220 - loadIPPluginJar : add gpio
2024-07-01 18:47:23,753 [INFO] IPUIPlugin:80 - create IPUIPlugin
2024-07-01 18:47:23,753 [INFO] PluginManager:220 - loadIPPluginJar : add gtzc
2024-07-01 18:47:23,754 [INFO] IPUIPlugin:80 - create IPUIPlugin
2024-07-01 18:47:23,754 [INFO] PluginManager:220 - loadIPPluginJar : add hash
2024-07-01 18:47:23,756 [INFO] IPUIPlugin:80 - create IPUIPlugin
2024-07-01 18:47:23,756 [INFO] PluginManager:220 - loadIPPluginJar : add i2c
2024-07-01 18:47:23,757 [INFO] IPUIPlugin:80 - create IPUIPlugin
2024-07-01 18:47:23,757 [INFO] PluginManager:220 - loadIPPluginJar : add i2s
2024-07-01 18:47:23,759 [INFO] IPUIPlugin:80 - create IPUIPlugin
2024-07-01 18:47:23,759 [INFO] PluginManager:220 - loadIPPluginJar : add i3c
2024-07-01 18:47:23,761 [INFO] IPUIPlugin:80 - create IPUIPlugin
2024-07-01 18:47:23,761 [INFO] PluginManager:220 - loadIPPluginJar : add ipddr
2024-07-01 18:47:23,765 [INFO] IPUIPlugin:80 - create IPUIPlugin
2024-07-01 18:47:23,765 [INFO] PluginManager:220 - loadIPPluginJar : add linkedlist
2024-07-01 18:47:23,768 [INFO] IPUIPlugin:80 - create IPUIPlugin
2024-07-01 18:47:23,768 [INFO] PluginManager:220 - loadIPPluginJar : add lorawan
2024-07-01 18:47:23,769 [INFO] IPUIPlugin:80 - create IPUIPlugin
2024-07-01 18:47:23,769 [INFO] PluginManager:220 - loadIPPluginJar : add ltdc
2024-07-01 18:47:23,772 [INFO] IPUIPlugin:80 - create IPUIPlugin
2024-07-01 18:47:23,772 [INFO] PluginManager:220 - loadIPPluginJar : add mdma
2024-07-01 18:47:23,774 [INFO] IPUIPlugin:80 - create IPUIPlugin
2024-07-01 18:47:23,774 [INFO] PluginManager:220 - loadIPPluginJar : add nvic
2024-07-01 18:47:23,775 [INFO] IPUIPlugin:80 - create IPUIPlugin
2024-07-01 18:47:23,775 [INFO] PluginManager:220 - loadIPPluginJar : add opamp
2024-07-01 18:47:23,777 [INFO] IPUIPlugin:80 - create IPUIPlugin
2024-07-01 18:47:23,777 [INFO] PluginManager:220 - loadIPPluginJar : add openamp
2024-07-01 18:47:23,778 [INFO] IPUIPlugin:80 - create IPUIPlugin
2024-07-01 18:47:23,779 [INFO] PluginManager:220 - loadIPPluginJar : add pdm2pcm
2024-07-01 18:47:23,782 [INFO] IPUIPlugin:80 - create IPUIPlugin
2024-07-01 18:47:23,784 [INFO] PluginManager:220 - loadIPPluginJar : add plateformsettings
2024-07-01 18:47:23,785 [INFO] IPUIPlugin:80 - create IPUIPlugin
2024-07-01 18:47:23,785 [INFO] PluginManager:220 - loadIPPluginJar : add quadspi
2024-07-01 18:47:23,786 [INFO] IPUIPlugin:80 - create IPUIPlugin
2024-07-01 18:47:23,786 [INFO] PluginManager:220 - loadIPPluginJar : add resmgrutility
2024-07-01 18:47:23,788 [INFO] IPUIPlugin:80 - create IPUIPlugin
2024-07-01 18:47:23,788 [INFO] PluginManager:220 - loadIPPluginJar : add sai
2024-07-01 18:47:23,789 [INFO] IPUIPlugin:80 - create IPUIPlugin
2024-07-01 18:47:23,789 [INFO] PluginManager:220 - loadIPPluginJar : add spi
2024-07-01 18:47:23,792 [INFO] IPUIPlugin:80 - create IPUIPlugin
2024-07-01 18:47:23,792 [INFO] PluginManager:220 - loadIPPluginJar : add stm32_wpan
2024-07-01 18:47:23,792 [INFO] IPUIPlugin:80 - create IPUIPlugin
2024-07-01 18:47:23,792 [INFO] PluginManager:220 - loadIPPluginJar : add tim
2024-07-01 18:47:23,794 [INFO] IPUIPlugin:80 - create IPUIPlugin
2024-07-01 18:47:23,794 [INFO] PluginManager:220 - loadIPPluginJar : add touchsensing
2024-07-01 18:47:23,795 [INFO] IPUIPlugin:80 - create IPUIPlugin
2024-07-01 18:47:23,795 [INFO] PluginManager:220 - loadIPPluginJar : add tracer_emb
2024-07-01 18:47:23,796 [INFO] IPUIPlugin:80 - create IPUIPlugin
2024-07-01 18:47:23,796 [INFO] PluginManager:220 - loadIPPluginJar : add ts
2024-07-01 18:47:23,797 [INFO] IPUIPlugin:80 - create IPUIPlugin
2024-07-01 18:47:23,797 [INFO] PluginManager:220 - loadIPPluginJar : add tsc
2024-07-01 18:47:23,798 [INFO] IPUIPlugin:80 - create IPUIPlugin
2024-07-01 18:47:23,798 [INFO] PluginManager:220 - loadIPPluginJar : add ucpd
2024-07-01 18:47:23,800 [INFO] IPUIPlugin:80 - create IPUIPlugin
2024-07-01 18:47:23,800 [INFO] PluginManager:220 - loadIPPluginJar : add usart
2024-07-01 18:47:23,801 [INFO] IPUIPlugin:80 - create IPUIPlugin
2024-07-01 18:47:23,801 [INFO] PluginManager:220 - loadIPPluginJar : add usbx
2024-07-01 18:47:23,914 [INFO] CADModel:165 - CPN selected for project level
2024-07-01 18:47:23,915 [INFO] CADModel:114 - Register for checkConnection events
2024-07-01 18:47:23,915 [FATAL] Updater:308 - Updater called before beeing initialized
2024-07-01 18:47:23,915 [ERROR] CADModel:125 - Updater not yet initialized, retry later 
2024-07-01 18:47:24,062 [INFO] CADModel:165 - CPN selected for project level
2024-07-01 18:47:24,062 [INFO] CADModel:114 - Register for checkConnection events
2024-07-01 18:47:24,062 [FATAL] Updater:308 - Updater called before beeing initialized
2024-07-01 18:47:24,062 [ERROR] CADModel:125 - Updater not yet initialized, retry later 
2024-07-01 18:47:24,064 [FATAL] Updater:308 - Updater called before beeing initialized
2024-07-01 18:47:24,149 [FATAL] Updater:308 - Updater called before beeing initialized
2024-07-01 18:47:24,157 [INFO] DbMcusAds:53 - JSON generation date=Thu May 16 18:22:00 JST 2024 (1715851320852)
2024-07-01 18:47:24,157 [FATAL] Updater:308 - Updater called before beeing initialized
2024-07-01 18:47:24,189 [WARN] DetailPanel:346 - Failed to get advertising image, set to default
2024-07-01 18:47:24,263 [FATAL] Updater:308 - Updater called before beeing initialized
2024-07-01 18:47:24,264 [FATAL] Updater:308 - Updater called before beeing initialized
2024-07-01 18:47:24,265 [FATAL] Updater:308 - Updater called before beeing initialized
2024-07-01 18:47:24,265 [WARN] DetailPanel:346 - Failed to get advertising image, set to default
2024-07-01 18:47:24,265 [FATAL] Updater:308 - Updater called before beeing initialized
2024-07-01 18:47:24,304 [ERROR] Updater:1120 - MainUpdater not yet initialized. External WinMGr cannot be set.
2024-07-01 18:47:24,306 [INFO] Updater:1056 - Updater Version found : 6.11.1
2024-07-01 18:47:24,321 [INFO] ApplicationProperties:184 - Using Application install path: C:\ST\STM32CubeIDE_1.15.1\STM32CubeIDE\plugins\com.st.stm32cube.common.mx_6.11.1.202404110753
2024-07-01 18:47:24,577 [INFO] MainUpdater:2873 - connection check result : 10
2024-07-01 18:47:24,578 [INFO] MainUpdater:290 - Updater Check For Update Now.
2024-07-01 18:47:24,578 [INFO] MicroXplorer:498 - Change Database Version : DB.6.0.111
2024-07-01 18:47:24,585 [INFO] McuFinderGlobals:63 - Set McuFinder mode to 2 (CubeIDE integrated)
2024-07-01 18:47:24,592 [INFO] UserAuth:415 - Internet connection configuration mode: 1
2024-07-01 18:47:24,628 [INFO] JxBrowserEngine:152 - Initiate JxBrowser Engine with user profile folder
2024-07-01 18:47:24,741 [INFO] CheckServerUpdateThread:120 - End of CheckServer Thread
2024-07-01 18:47:25,177 [INFO] WebApp:161 - Instantiating new browser for Auth
2024-07-01 18:47:25,556 [INFO] WebApp:779 - Register for checkConnection events
2024-07-01 18:47:25,557 [INFO] WebApp:414 - Apply proxy settings
2024-07-01 18:47:25,557 [INFO] WebApp:499 - Chromium requires no authentication
2024-07-01 18:47:25,561 [INFO] WebApp:442 - Direct internet connection detected
2024-07-01 18:47:25,660 [INFO] WebApp:192 - Starting web application
2024-07-01 18:47:25,661 [INFO] WebApp:544 - Web application path used C:\ST\STM32CubeIDE_1.15.1\STM32CubeIDE\plugins\com.st.stm32cube.common.mx_6.11.1.202404110753\db\plugins\mcufinder\reactClient1\index.html
2024-07-01 18:47:26,507 [WARN] PackLoader:240 - Cannot read IP mode file for STMicroelectronics.FP-SNS-MOTENVWB1.1.4.0
2024-07-01 18:47:26,516 [WARN] PackLoader:240 - Cannot read IP mode file for STMicroelectronics.X-CUBE-SMBUS.2.1.0
2024-07-01 18:47:26,536 [WARN] PackLoader:240 - Cannot read IP mode file for STMicroelectronics.X-CUBE-AZRTOS-F7.1.1.0
2024-07-01 18:47:26,543 [WARN] PackLoader:240 - Cannot read IP mode file for STMicroelectronics.FP-SNS-FLIGHT1.5.0.2
2024-07-01 18:47:26,550 [WARN] PackLoader:240 - Cannot read IP mode file for STMicroelectronics.X-CUBE-DISPLAY.3.0.0
2024-07-01 18:47:26,563 [WARN] PackLoader:240 - Cannot read IP mode file for STMicroelectronics.X-CUBE-BLE1.7.0.0
2024-07-01 18:47:26,568 [WARN] PackLoader:240 - Cannot read IP mode file for emotas.I-CUBE-CANOPEN.1.3.0
2024-07-01 18:47:26,576 [WARN] PackLoader:240 - Cannot read IP mode file for STMicroelectronics.X-CUBE-BLEMGR.3.1.0
2024-07-01 18:47:26,582 [WARN] PackLoader:240 - Cannot read IP mode file for STMicroelectronics.FP-SNS-SMARTAG2.1.2.0
2024-07-01 18:47:26,590 [INFO] LogOutputStream:77 - [STDOUT_REDIRECT] 1 : Invalid condition id : UX_CORESTACK_Condition cause : null
2024-07-01 18:47:26,591 [INFO] LogOutputStream:77 - [STDOUT_REDIRECT] 1 : Invalid condition id : UX_CORESTACK_Condition cause : null
2024-07-01 18:47:26,592 [INFO] LogOutputStream:77 - [STDOUT_REDIRECT] 1 : Invalid condition id : UX_CORESTACK_Condition cause : null
2024-07-01 18:47:26,594 [INFO] LogOutputStream:77 - [STDOUT_REDIRECT] 1 : Invalid condition id : UX_CORESTACK_Condition cause : null
2024-07-01 18:47:26,595 [INFO] LogOutputStream:77 - [STDOUT_REDIRECT] 1 : Invalid condition id : UX_CORESTACK_Condition cause : null
2024-07-01 18:47:26,597 [WARN] PackLoader:240 - Cannot read IP mode file for STMicroelectronics.X-CUBE-AZRTOS-WL.2.0.0
2024-07-01 18:47:26,602 [WARN] PackLoader:240 - Cannot read IP mode file for STMicroelectronics.FP-SNS-MOTENV1.5.0.0
2024-07-01 18:47:26,605 [WARN] PackLoader:240 - Cannot read IP mode file for wolfSSL.I-CUBE-wolfMQTT.1.19.0
2024-07-01 18:47:26,608 [WARN] PackLoader:240 - Cannot read IP mode file for STMicroelectronics.X-CUBE-BLE2.3.3.0
2024-07-01 18:47:26,612 [WARN] PackLoader:240 - Cannot read IP mode file for STMicroelectronics.X-CUBE-TCPP.4.1.0
2024-07-01 18:47:26,622 [WARN] PackLoader:240 - Cannot read IP mode file for STMicroelectronics.X-CUBE-AZRTOS-G0.1.1.0
2024-07-01 18:47:26,627 [WARN] PackLoader:240 - Cannot read IP mode file for STMicroelectronics.X-CUBE-SAFEA1.1.2.2
2024-07-01 18:47:26,631 [WARN] PackLoader:240 - Cannot read IP mode file for STMicroelectronics.X-CUBE-NFC4.3.0.0
2024-07-01 18:47:26,635 [WARN] PackLoader:240 - Cannot read IP mode file for wolfSSL.I-CUBE-wolfSSL.5.7.0
2024-07-01 18:47:26,638 [WARN] PackLoader:240 - Cannot read IP mode file for STMicroelectronics.FP-ATR-SIGFOX1.3.2.0
2024-07-01 18:47:26,642 [WARN] PackLoader:240 - Cannot read IP mode file for STMicroelectronics.X-CUBE-EEPRMA1.5.1.0
2024-07-01 18:47:26,646 [WARN] PackLoader:240 - Cannot read IP mode file for ITTIA_DB.I-CUBE-ITTIADB.8.9.0
2024-07-01 18:47:26,672 [WARN] PackLoader:240 - Cannot read IP mode file for SEGGER.I-CUBE-embOS.1.3.1
2024-07-01 18:47:26,700 [WARN] PackLoader:240 - Cannot read IP mode file for STMicroelectronics.X-CUBE-ALGOBUILD.1.4.0
2024-07-01 18:47:26,704 [WARN] PackLoader:240 - Cannot read IP mode file for STMicroelectronics.X-CUBE-GNSS1.6.0.0
2024-07-01 18:47:26,715 [WARN] PackLoader:240 - Cannot read IP mode file for STMicroelectronics.X-CUBE-AZRTOS-F4.1.1.0
2024-07-01 18:47:26,722 [WARN] PackLoader:240 - Cannot read IP mode file for STMicroelectronics.X-CUBE-FREERTOS.1.2.0
2024-07-01 18:47:26,732 [WARN] PackLoader:240 - Cannot read IP mode file for STMicroelectronics.X-CUBE-AZRTOS-L5.2.0.0
2024-07-01 18:47:26,739 [WARN] PackLoader:240 - Cannot read IP mode file for STMicroelectronics.X-CUBE-NFC6.3.1.0
2024-07-01 18:47:26,747 [WARN] PackLoader:240 - Cannot read IP mode file for STMicroelectronics.X-CUBE-AI.9.0.0
2024-07-01 18:47:26,750 [WARN] PackLoader:240 - Cannot read IP mode file for STMicroelectronics.X-CUBE-NFC7.1.0.1
2024-07-01 18:47:26,760 [WARN] ConditionMgr:438 - getConditionDescription Invalid condition id : LAN8742 Phy interface Condition cause : null
2024-07-01 18:47:26,760 [WARN] PackLoader:240 - Cannot read IP mode file for STMicroelectronics.X-CUBE-AZRTOS-L4.2.0.0
2024-07-01 18:47:26,761 [WARN] ConditionMgr:1039 - genDependencies : Invalid condition id : LAN8742 Phy interface Condition cause : null
2024-07-01 18:47:26,761 [WARN] ConditionMgr:1039 - genDependencies : Invalid condition id : LAN8742 Phy interface Condition cause : null
2024-07-01 18:47:26,761 [WARN] ConditionMgr:1039 - genDependencies : Invalid condition id : LAN8742 Phy interface Condition cause : null
2024-07-01 18:47:26,765 [WARN] PackLoader:240 - Cannot read IP mode file for STMicroelectronics.X-CUBE-SFXS2LP1.4.0.0
2024-07-01 18:47:26,774 [WARN] ConditionMgr:438 - getConditionDescription Invalid condition id : UX DEVICE CLASS RTOS Condition cause : null
2024-07-01 18:47:26,774 [WARN] ConditionMgr:438 - getConditionDescription Invalid condition id : UX DEVICE CLASS RTOS Condition cause : null
2024-07-01 18:47:26,775 [WARN] PackLoader:240 - Cannot read IP mode file for STMicroelectronics.X-CUBE-AZRTOS-WB.2.0.0
2024-07-01 18:47:26,775 [WARN] ConditionMgr:1039 - genDependencies : Invalid condition id : UX DEVICE CLASS RTOS Condition cause : null
2024-07-01 18:47:26,775 [WARN] ConditionMgr:1039 - genDependencies : Invalid condition id : UX DEVICE CLASS RTOS Condition cause : null
2024-07-01 18:47:26,775 [WARN] ConditionMgr:1039 - genDependencies : Invalid condition id : UX DEVICE CLASS RTOS Condition cause : null
2024-07-01 18:47:26,775 [WARN] ConditionMgr:1039 - genDependencies : Invalid condition id : UX DEVICE CLASS RTOS Condition cause : null
2024-07-01 18:47:26,775 [WARN] ConditionMgr:1039 - genDependencies : Invalid condition id : UX DEVICE CLASS RTOS Condition cause : null
2024-07-01 18:47:26,780 [WARN] PackLoader:240 - Cannot read IP mode file for STMicroelectronics.X-CUBE-FREERTOS.1.0.1
2024-07-01 18:47:26,864 [WARN] PackLoader:240 - Cannot read IP mode file for STMicroelectronics.X-CUBE-SUBG2.5.0.0
2024-07-01 18:47:26,871 [WARN] PackLoader:240 - Cannot read IP mode file for Cesanta.I-CUBE-Mongoose.7.13.0
2024-07-01 18:47:26,878 [WARN] PackLoader:240 - Cannot read IP mode file for STMicroelectronics.X-CUBE-AZRTOS-G4.2.0.0
2024-07-01 18:47:26,881 [WARN] PackLoader:240 - Cannot read IP mode file for STMicroelectronics.X-CUBE-ISPU.2.0.0
2024-07-01 18:47:26,884 [WARN] PackLoader:240 - Cannot read IP mode file for STMicroelectronics.X-CUBE-ALS.1.0.2
2024-07-01 18:47:26,910 [WARN] PackLoader:240 - Cannot read IP mode file for STMicroelectronics.X-CUBE-MEMS1.10.0.0
2024-07-01 18:47:26,975 [WARN] PackLoader:240 - Cannot read IP mode file for STMicroelectronics.X-CUBE-TOUCHGFX.4.24.0
2024-07-01 18:47:27,005 [WARN] PackLoader:240 - Cannot read IP mode file for portGmbH.I-Cube-SoM-uGOAL.1.1.0
2024-07-01 18:47:27,016 [WARN] PackLoader:240 - Cannot read IP mode file for STMicroelectronics.X-CUBE-AZRTOS-H7RS.1.0.0
2024-07-01 18:47:27,023 [WARN] PackLoader:240 - Cannot read IP mode file for STMicroelectronics.FP-ATR-ASTRA1.2.0.0
2024-07-01 18:47:27,033 [WARN] PackLoader:240 - Cannot read IP mode file for STMicroelectronics.X-CUBE-TOF1.3.4.1
2024-07-01 18:47:27,054 [WARN] PackLoader:240 - Cannot read IP mode file for STMicroelectronics.X-CUBE-AZRTOS-H7.3.2.0
2024-07-01 18:47:27,063 [WARN] PackLoader:240 - Cannot read IP mode file for Infineon.AIROC-Wi-Fi-Bluetooth-STM32.1.6.0
2024-07-01 18:47:27,065 [INFO] ThirdParty:978 - Integrity check success = true
2024-07-01 18:47:27,065 [INFO] IntegrityCheckThread:100 - exiting critical section [integrity check]
2024-07-01 18:47:27,065 [INFO] IntegrityCheckThread:103 - End integrity checks thread
2024-07-01 18:49:13,765 [INFO] McuFinderGlobals:63 - Set McuFinder mode to 2 (CubeIDE integrated)
2024-07-01 18:49:13,767 [INFO] MainUpdater:2873 - connection check result : 10
2024-07-01 18:49:14,162 [INFO] ApiDb:581 - Connected to CubeFinder SQLite database (C:\Users\shun\.stmcufinder\plugins\mcufinder\mcu\cube-finder-db.db)
2024-07-01 18:49:14,212 [INFO] ApiDb:668 - CubeFinder database Data Model version=2.1
2024-07-01 18:49:14,212 [INFO] ApiDb:669 - CubeFinder database Configuration version=3.0.39
2024-07-01 18:49:14,212 [INFO] ApiDb:670 - CubeFinder database generation date=2024-06-05 (1717578087)
2024-07-01 18:49:14,212 [INFO] ApiDb:671 - CubeFinder database FW Pack versions=[FP-ATR-ASTRA1_V2.0.0, FP-SNS-FLIGHT1_V5.0.1, FP-SNS-FLIGHT1_V5.0.2, FP-SNS-MOTENV1_V4.3.1, FP-SNS-MOTENV1_V4.3.2, FP-SNS-MOTENV1_V5.0.0, FP-SNS-MOTENVWB1_V1.4.0, FP-SNS-SMARTAG2_V1.2.0, STM32Cube_FW_C0_V1.1.0, STM32Cube_FW_F4_V1.28.0, STM32Cube_FW_F7_V1.17.2, STM32Cube_FW_G0_V1.6.2, STM32Cube_FW_G4_V1.5.2, STM32Cube_FW_H5_V0.5.1, STM32Cube_FW_H5_V1.1.1, STM32Cube_FW_H5_V1.2.0, STM32Cube_FW_H5_V1.2.0RC4, STM32Cube_FW_H7RS_V1.0.0, STM32Cube_FW_H7RS_V1.0.0RC4, STM32Cube_FW_H7_V1.11.2, STM32Cube_FW_L0_V1.12.2, STM32Cube_FW_L5_V1.5.1, STM32Cube_FW_U0_V1.0.0, STM32Cube_FW_U0_V1.0.0RC1, STM32Cube_FW_U5_V1.3.0RC4, STM32Cube_FW_U5_V1.5.0, STM32Cube_FW_U5_V1.5.0RC1, STM32Cube_FW_WBA_V1.0.0RC1, STM32Cube_FW_WBA_V1.2.0, STM32Cube_FW_WBA_V1.2.0RC2, STM32Cube_FW_WBA_V1.3.0RC1, STM32Cube_FW_WBA_V1.3.1, STM32Cube_FW_WB_V1.15.0RC1, STM32Cube_FW_WB_V1.16.0, STM32Cube_FW_WB_V1.16.0RC2, STM32Cube_FW_WB_V1.18.0, STM32Cube_FW_WB_V1.19.0, STM32Cube_FW_WL_V1.3.0, X-CUBE-ALGOBUILD_V1.4.0, X-CUBE-ALS_V1.0.1, X-CUBE-ALS_V1.0.2, X-CUBE-AZRTOS-F4_V1.1.0, X-CUBE-AZRTOS-F7_V1.1.0, X-CUBE-AZRTOS-G0_V1.1.0, X-CUBE-AZRTOS-G4_V2.0.0, X-CUBE-AZRTOS-H7RS_V1.0.0, X-CUBE-AZRTOS-H7_V3.2.0, X-CUBE-AZRTOS-L4_V1.0.0, X-CUBE-AZRTOS-L4_V2.0.0, X-CUBE-AZRTOS-L5_V1.1.0, X-CUBE-AZRTOS-WB_V2.0.0, X-CUBE-AZRTOS-WL_V2.0.0, X-CUBE-BLE1_V7.0.0, X-CUBE-BLE2_V3.3.0, X-CUBE-BLEMGR_V3.1.0, X-CUBE-EEPRMA1_V4.1.0, X-CUBE-EEPRMA1_V5.1.0, X-CUBE-FREERTOS_V1.2.0, X-CUBE-GNSS1_V6.0.0, X-CUBE-MEMS1_V10.0.0, X-CUBE-MEMS1_V9.1.0, X-CUBE-MEMS1_V9.4.0, X-CUBE-MEMS1_V9.6.0, X-CUBE-NFC4_V3.0.0, X-CUBE-NFC7_V1.0.1, X-CUBE-SFXS2LP1_V4.0.0, X-CUBE-SUBG2_V5.0.0, X-CUBE-TOF1_V3.4.1]
2024-07-01 18:49:14,257 [INFO] DbBoardsSqlite:226 - include board P-NUCLEO-WB55-NUCLEO as a kit item of type 'Nucleo-64'
2024-07-01 18:49:14,257 [INFO] DbBoardsSqlite:226 - include board P-NUCLEO-WB55-USBDONGLE as a kit item of type 'Nucleo USB Dongle'
2024-07-01 18:49:14,257 [INFO] DbBoardsSqlite:226 - include board STEVAL-IDP005V1 as a kit item of type 'Evaluation Board'
2024-07-01 18:49:14,257 [INFO] DbBoardsSqlite:226 - include board STEVAL-IDP005V2 as a kit item of type 'Evaluation Board'
2024-07-01 18:49:14,295 [INFO] ApiDb:240 - Found 483 in-development CPN: [B-G473E-ZEST1S, B-WB1M-WPAN1, B-WL5M-SUBG1, NUCLEO-C031C6, NUCLEO-H503RB, NUCLEO-H533RE, NUCLEO-H563ZI, NUCLEO-H7S3L8, NUCLEO-U031R8, NUCLEO-U083RC, NUCLEO-U545RE-Q, NUCLEO-U5A5ZJ-Q, NUCLEO-WBA52CG, NUCLEO-WBA55CG, STEVAL-PROTEUS1, STEVAL-SMARTAG2, STEVAL-STWINBX1, STM320518-EVAL, STM32C0116-DK, STM32C011D6Y3TR, STM32C011D6Y6TR, STM32C011F4P3, STM32C011F4P6, STM32C011F4U3, STM32C011F4U6TR, STM32C011F6P3, STM32C011F6P6, STM32C011F6U3, STM32C011F6U6TR, STM32C011J4M3, STM32C011J4M6, STM32C011J6M3, STM32C011J6M6, STM32C0316-DK, STM32C031C4T3, STM32C031C4T6, STM32C031C4U3, STM32C031C4U6, STM32C031C6T3, STM32C031C6T6, STM32C031C6U3, STM32C031C6U6, STM32C031F4P3, STM32C031F4P6, STM32C031F6P3, STM32C031F6P6, STM32C031G4U3, STM32C031G4U6, STM32C031G6U3, STM32C031G6U6, STM32C031K4T3, STM32C031K4T6, STM32C031K4U3, STM32C031K4U6, STM32C031K6T3, STM32C031K6T6, STM32C031K6U3, STM32C031K6U6, STM32G071K8TXN, STM32G071K8UXN, STM32G081GBU6N, STM32G081KBT6N, STM32G081KBUXN, STM32G0B1CCT6N, STM32G0B1KCT6, STM32G0B1NEY6TR, STM32G0B1RCT6N, STM32G0C1CCT6, STM32G0C1CCT6N, STM32G0C1CCU6N, STM32G0C1CET6N, STM32G0C1CEU6N, STM32G0C1KCT6, STM32G0C1NEY6TR, STM32G0C1RCI6N, STM32G0C1RCT6N, STM32G0C1REI6N, STM32G0C1RET6N, STM32G0C1VCI6, STM32G0C1VEI6, STM32G471CCT6, STM32G471CCU6, STM32G471CET3, STM32G471CET6, STM32G471CEU3, STM32G471CEU6, STM32G471MCT6, STM32G471MET3, STM32G471MET6, STM32G471MEY6TR, STM32G471QCT6, STM32G471QET3, STM32G471RCT6, STM32G471RET3, STM32G471RET6, STM32G471VCH6, STM32G471VCI6, STM32G471VCT6, STM32G471VEH3, STM32G471VEH6, STM32G471VEI3, STM32G471VEI6, STM32G471VET3, STM32G471VET6, STM32G474CCT6, STM32H503CBT6, STM32H503CBU6, STM32H503EBY6TR, STM32H503KBU6, STM32H503RBT6, STM32H523CCT6, STM32H523CCU6, STM32H523CET6, STM32H523CEU6, STM32H523HEY6TR, STM32H523RCT6, STM32H523RET6, STM32H523VCI6, STM32H523VCT6, STM32H523VEI6, STM32H523VET6, STM32H523ZCJ6, STM32H523ZCT6, STM32H523ZEJ6, STM32H523ZET6, STM32H533CET6, STM32H533CEU6, STM32H533HEY6TR, STM32H533RET6, STM32H533VEI6, STM32H533VET6, STM32H533ZEJ6, STM32H533ZET6, STM32H562AGI6, STM32H562AII6, STM32H562IGK6, STM32H562IGT6, STM32H562IIK6, STM32H562IIT6, STM32H562RGT6, STM32H562RGV6, STM32H562RIT6, STM32H562RIV6, STM32H562VGT6, STM32H562VIT6, STM32H562ZGT6, STM32H562ZIT6, STM32H563AGI6, STM32H563AII3Q, STM32H563AII6, STM32H563IGK6, STM32H563IGT6, STM32H563IIK3Q, STM32H563IIK6, STM32H563IIT3Q, STM32H563IIT6, STM32H563MIY3QTR, STM32H563RGT6, STM32H563RGV6, STM32H563RIT6, STM32H563RIV6, STM32H563VGT6, STM32H563VIT3Q, STM32H563VIT6, STM32H563ZGT6, STM32H563ZIT3Q, STM32H563ZIT6, STM32H573AII3Q, STM32H573AII6, STM32H573I-DK, STM32H573IIK3Q, STM32H573IIK6, STM32H573IIT3Q, STM32H573IIT6, STM32H573MIY3QTR, STM32H573RIT6, STM32H573RIV6, STM32H573VIT3Q, STM32H573VIT6, STM32H573ZIT3Q, STM32H573ZIT6, STM32H7R3A8I6, STM32H7R3I8K6, STM32H7R3I8T6, STM32H7R3L8H6, STM32H7R3L8H6H, STM32H7R3R8V6, STM32H7R3V8H6, STM32H7R3V8T6, STM32H7R3V8Y6, STM32H7R3Z8J6, STM32H7R3Z8T6, STM32H7R7A8I6, STM32H7R7I8K6, STM32H7R7I8T6, STM32H7R7L8H6, STM32H7R7L8H6H, STM32H7R7Z8J6, STM32H7S3A8I6, STM32H7S3I8K6, STM32H7S3I8T6, STM32H7S3L8H6, STM32H7S3L8H6H, STM32H7S3R8V6, STM32H7S3V8H6, STM32H7S3V8T6, STM32H7S3V8Y6, STM32H7S3Z8J6, STM32H7S3Z8T6, STM32H7S78-DK, STM32H7S7A8I6, STM32H7S7I8K6, STM32H7S7I8T6, STM32H7S7L8H6, STM32H7S7L8H6H, STM32H7S7Z8J6, STM32L4R5QGI6STR, STM32MP131AAE3, STM32MP131AAF3, STM32MP131AAG3, STM32MP131CAE3, STM32MP131CAF3, STM32MP131CAG3, STM32MP131DAE7, STM32MP131DAF7, STM32MP131DAG7, STM32MP131FAE7, STM32MP131FAF7, STM32MP131FAG7, STM32MP133AAE3, STM32MP133AAF3, STM32MP133AAG3, STM32MP133CAE3, STM32MP133CAF3, STM32MP133CAG3, STM32MP133DAE7, STM32MP133DAF7, STM32MP133DAG7, STM32MP133FAE7, STM32MP133FAF7, STM32MP133FAG7, STM32MP135AAE3, STM32MP135AAF3, STM32MP135AAG3, STM32MP135CAE3, STM32MP135CAF3, STM32MP135CAG3, STM32MP135DAE7, STM32MP135DAF7, STM32MP135DAG7, STM32MP135F-DK, STM32MP135FAE7, STM32MP135FAF7, STM32MP135FAF7T, STM32MP135FAF7U, STM32MP135FAG7, STM32U031C6T6, STM32U031C6U6, STM32U031C8T6, STM32U031C8U6, STM32U031F4P6, STM32U031F6P6, STM32U031F8P6, STM32U031G6Y6TR, STM32U031G8Y6TR, STM32U031K4U6, STM32U031K6U6, STM32U031K8U6, STM32U031R6I6, STM32U031R6T6, STM32U031R8I6, STM32U031R8T6, STM32U073C8T6, STM32U073C8U6, STM32U073CBT6, STM32U073CBU6, STM32U073CCT6, STM32U073CCU6, STM32U073H8Y6TR, STM32U073HBY6TR, STM32U073HCY6TR, STM32U073K8U6, STM32U073KBU6, STM32U073KCU6, STM32U073M8I6, STM32U073M8T6, STM32U073MBI6, STM32U073MBT6, STM32U073MCI6, STM32U073MCT6, STM32U073R8I6, STM32U073R8T6, STM32U073RBI6, STM32U073RBT6, STM32U073RCI6, STM32U073RCT6, STM32U083C-DK, STM32U083CCT6, STM32U083CCU6, STM32U083HCY6TR, STM32U083KCU6, STM32U083MCI6, STM32U083MCT6, STM32U083RCI6, STM32U083RCT6, STM32U535CBT6, STM32U535CBT6Q, STM32U535CBU6, STM32U535CBU6Q, STM32U535CCT6, STM32U535CCT6Q, STM32U535CCU6, STM32U535CCU6Q, STM32U535CET6, STM32U535CET6Q, STM32U535CEU6, STM32U535CEU6Q, STM32U535JEY6QTR, STM32U535NCY6QTR, STM32U535NEY6QTR, STM32U535RBI6, STM32U535RBI6Q, STM32U535RBT6, STM32U535RBT6Q, STM32U535RCI6, STM32U535RCI6Q, STM32U535RCT6, STM32U535RCT6Q, STM32U535REI6, STM32U535REI6Q, STM32U535RET6, STM32U535RET6Q, STM32U535VCI6, STM32U535VCI6Q, STM32U535VCT6, STM32U535VCT6Q, STM32U535VEI6, STM32U535VEI6Q, STM32U535VET6, STM32U535VET6Q, STM32U545CET6, STM32U545CET6Q, STM32U545CEU6, STM32U545CEU6Q, STM32U545JEY6QTR, STM32U545NEY6QTR, STM32U545REI6, STM32U545REI6Q, STM32U545RET6, STM32U545RET6Q, STM32U545VEI6, STM32U545VEI6Q, STM32U545VET6, STM32U545VET6Q, STM32U595AIH6, STM32U595AIH6Q, STM32U595AJH6, STM32U595AJH6Q, STM32U595QII6, STM32U595QII6Q, STM32U595QJI6, STM32U595QJI6Q, STM32U595RIT6, STM32U595RIT6Q, STM32U595RJT6, STM32U595RJT6Q, STM32U595VIT6, STM32U595VIT6Q, STM32U595VJT6, STM32U595VJT6Q, STM32U595ZIT6, STM32U595ZIT6Q, STM32U595ZIY6QTR, STM32U595ZJT6, STM32U595ZJT6Q, STM32U595ZJY6QTR, STM32U599BJY6QTR, STM32U599NIH6Q, STM32U599NJH6Q, STM32U599VIT6Q, STM32U599VJT6, STM32U599VJT6Q, STM32U599ZIT6Q, STM32U599ZIY6QTR, STM32U599ZJT6Q, STM32U599ZJY6QTR, STM32U5A5AJH6, STM32U5A5AJH6Q, STM32U5A5QII3Q , STM32U5A5QJI6, STM32U5A5QJI6Q, STM32U5A5RJT6, STM32U5A5RJT6Q, STM32U5A5VJT6, STM32U5A5VJT6Q, STM32U5A5ZJT6, STM32U5A5ZJT6Q, STM32U5A5ZJY6QTR, STM32U5A9BJY6QTR, STM32U5A9J-DK, STM32U5A9NJH6Q, STM32U5A9VJT6Q, STM32U5A9ZJT6Q, STM32U5A9ZJY6QTR, STM32U5F7VIT6, STM32U5F7VIT6Q, STM32U5F7VJT6, STM32U5F7VJT6Q, STM32U5F9BJY6QTR, STM32U5F9NJH6Q, STM32U5F9VIT6Q, STM32U5F9VJT6Q, STM32U5F9ZIJ6QTR, STM32U5F9ZIT6Q, STM32U5F9ZJJ6QTR, STM32U5F9ZJT6Q, STM32U5G7VJT6, STM32U5G7VJT6Q, STM32U5G9BJY6QTR, STM32U5G9J-DK1, STM32U5G9J-DK2, STM32U5G9NJH6Q, STM32U5G9VJT6Q, STM32U5G9ZJJ6QTR, STM32U5G9ZJT6Q, STM32WB1MMCH6, STM32WBA50KEU6, STM32WBA50KEU6TR, STM32WBA50KGU6, STM32WBA50KGU6TR, STM32WBA52CEU6, STM32WBA52CEU6TR, STM32WBA52CEU7, STM32WBA52CEU7TR, STM32WBA52CGU6, STM32WBA52CGU6TR, STM32WBA52CGU6U, STM32WBA52CGU7, STM32WBA52CGU7TR, STM32WBA52KEU6, STM32WBA52KEU6TR, STM32WBA52KGU6, STM32WBA52KGU6TR, STM32WBA54CEU6, STM32WBA54CEU6TR, STM32WBA54CEU7, STM32WBA54CEU7TR, STM32WBA54CGU6, STM32WBA54CGU6TR, STM32WBA54CGU7, STM32WBA54CGU7TR, STM32WBA54KEU6, STM32WBA54KEU6TR, STM32WBA54KEU7, STM32WBA54KEU7TR, STM32WBA54KGU6, STM32WBA54KGU6TR, STM32WBA54KGU7, STM32WBA54KGU7TR, STM32WBA55CEU6, STM32WBA55CEU6TR, STM32WBA55CEU7, STM32WBA55CEU7TR, STM32WBA55CGU6, STM32WBA55CGU6TR, STM32WBA55CGU6U, STM32WBA55CGU7, STM32WBA55CGU7TR, STM32WBA55G-DK1, STM32WBA55HEF6, STM32WBA55HEF7, STM32WBA55HGF6, STM32WBA55HGF7, STM32WBA55UEI6, STM32WBA55UEI6TR, STM32WBA55UEI7, STM32WBA55UEI7TR, STM32WBA55UGI6, STM32WBA55UGI6TR, STM32WBA55UGI7, STM32WBA55UGI7TR, STM32WL5MOCH6, STM32WL5MOCH6TR]
2024-07-01 18:49:14,396 [INFO] BoardInfo:889 - No configuration file found for board P-NUCLEO-WB55
2024-07-01 18:49:14,397 [INFO] DbBoards:161 - Kit is not supported: P-NUCLEO-WB55
2024-07-01 18:49:14,401 [INFO] BoardInfo:889 - No configuration file found for board STEVAL-BFA001V1B
2024-07-01 18:49:14,401 [INFO] DbBoards:161 - Kit is not supported: STEVAL-BFA001V1B
2024-07-01 18:49:14,402 [INFO] BoardInfo:889 - No configuration file found for board STEVAL-BFA001V2B
2024-07-01 18:49:14,402 [INFO] DbBoards:161 - Kit is not supported: STEVAL-BFA001V2B
2024-07-01 18:49:14,515 [INFO] DbBoards:168 - Found 199 boards, 196 are supported
2024-07-01 18:49:14,515 [INFO] DbBoards:169 - Found 199 boards, 8 of them is supported for  Bsp
2024-07-01 18:49:14,517 [INFO] ApiDb:668 - CubeFinder database Data Model version=2.1
2024-07-01 18:49:14,517 [INFO] ApiDb:669 - CubeFinder database Configuration version=3.0.39
2024-07-01 18:49:14,517 [INFO] ApiDb:670 - CubeFinder database generation date=2024-06-05 (1717578087)
2024-07-01 18:49:14,517 [INFO] ApiDb:671 - CubeFinder database FW Pack versions=[FP-ATR-ASTRA1_V2.0.0, FP-SNS-FLIGHT1_V5.0.1, FP-SNS-FLIGHT1_V5.0.2, FP-SNS-MOTENV1_V4.3.1, FP-SNS-MOTENV1_V4.3.2, FP-SNS-MOTENV1_V5.0.0, FP-SNS-MOTENVWB1_V1.4.0, FP-SNS-SMARTAG2_V1.2.0, STM32Cube_FW_C0_V1.1.0, STM32Cube_FW_F4_V1.28.0, STM32Cube_FW_F7_V1.17.2, STM32Cube_FW_G0_V1.6.2, STM32Cube_FW_G4_V1.5.2, STM32Cube_FW_H5_V0.5.1, STM32Cube_FW_H5_V1.1.1, STM32Cube_FW_H5_V1.2.0, STM32Cube_FW_H5_V1.2.0RC4, STM32Cube_FW_H7RS_V1.0.0, STM32Cube_FW_H7RS_V1.0.0RC4, STM32Cube_FW_H7_V1.11.2, STM32Cube_FW_L0_V1.12.2, STM32Cube_FW_L5_V1.5.1, STM32Cube_FW_U0_V1.0.0, STM32Cube_FW_U0_V1.0.0RC1, STM32Cube_FW_U5_V1.3.0RC4, STM32Cube_FW_U5_V1.5.0, STM32Cube_FW_U5_V1.5.0RC1, STM32Cube_FW_WBA_V1.0.0RC1, STM32Cube_FW_WBA_V1.2.0, STM32Cube_FW_WBA_V1.2.0RC2, STM32Cube_FW_WBA_V1.3.0RC1, STM32Cube_FW_WBA_V1.3.1, STM32Cube_FW_WB_V1.15.0RC1, STM32Cube_FW_WB_V1.16.0, STM32Cube_FW_WB_V1.16.0RC2, STM32Cube_FW_WB_V1.18.0, STM32Cube_FW_WB_V1.19.0, STM32Cube_FW_WL_V1.3.0, X-CUBE-ALGOBUILD_V1.4.0, X-CUBE-ALS_V1.0.1, X-CUBE-ALS_V1.0.2, X-CUBE-AZRTOS-F4_V1.1.0, X-CUBE-AZRTOS-F7_V1.1.0, X-CUBE-AZRTOS-G0_V1.1.0, X-CUBE-AZRTOS-G4_V2.0.0, X-CUBE-AZRTOS-H7RS_V1.0.0, X-CUBE-AZRTOS-H7_V3.2.0, X-CUBE-AZRTOS-L4_V1.0.0, X-CUBE-AZRTOS-L4_V2.0.0, X-CUBE-AZRTOS-L5_V1.1.0, X-CUBE-AZRTOS-WB_V2.0.0, X-CUBE-AZRTOS-WL_V2.0.0, X-CUBE-BLE1_V7.0.0, X-CUBE-BLE2_V3.3.0, X-CUBE-BLEMGR_V3.1.0, X-CUBE-EEPRMA1_V4.1.0, X-CUBE-EEPRMA1_V5.1.0, X-CUBE-FREERTOS_V1.2.0, X-CUBE-GNSS1_V6.0.0, X-CUBE-MEMS1_V10.0.0, X-CUBE-MEMS1_V9.1.0, X-CUBE-MEMS1_V9.4.0, X-CUBE-MEMS1_V9.6.0, X-CUBE-NFC4_V3.0.0, X-CUBE-NFC7_V1.0.1, X-CUBE-SFXS2LP1_V4.0.0, X-CUBE-SUBG2_V5.0.0, X-CUBE-TOF1_V3.4.1]
2024-07-01 18:49:15,831 [INFO] ApiDb:240 - Found 483 in-development CPN: [B-G473E-ZEST1S, B-WB1M-WPAN1, B-WL5M-SUBG1, NUCLEO-C031C6, NUCLEO-H503RB, NUCLEO-H533RE, NUCLEO-H563ZI, NUCLEO-H7S3L8, NUCLEO-U031R8, NUCLEO-U083RC, NUCLEO-U545RE-Q, NUCLEO-U5A5ZJ-Q, NUCLEO-WBA52CG, NUCLEO-WBA55CG, STEVAL-PROTEUS1, STEVAL-SMARTAG2, STEVAL-STWINBX1, STM320518-EVAL, STM32C0116-DK, STM32C011D6Y3TR, STM32C011D6Y6TR, STM32C011F4P3, STM32C011F4P6, STM32C011F4U3, STM32C011F4U6TR, STM32C011F6P3, STM32C011F6P6, STM32C011F6U3, STM32C011F6U6TR, STM32C011J4M3, STM32C011J4M6, STM32C011J6M3, STM32C011J6M6, STM32C0316-DK, STM32C031C4T3, STM32C031C4T6, STM32C031C4U3, STM32C031C4U6, STM32C031C6T3, STM32C031C6T6, STM32C031C6U3, STM32C031C6U6, STM32C031F4P3, STM32C031F4P6, STM32C031F6P3, STM32C031F6P6, STM32C031G4U3, STM32C031G4U6, STM32C031G6U3, STM32C031G6U6, STM32C031K4T3, STM32C031K4T6, STM32C031K4U3, STM32C031K4U6, STM32C031K6T3, STM32C031K6T6, STM32C031K6U3, STM32C031K6U6, STM32G071K8TXN, STM32G071K8UXN, STM32G081GBU6N, STM32G081KBT6N, STM32G081KBUXN, STM32G0B1CCT6N, STM32G0B1KCT6, STM32G0B1NEY6TR, STM32G0B1RCT6N, STM32G0C1CCT6, STM32G0C1CCT6N, STM32G0C1CCU6N, STM32G0C1CET6N, STM32G0C1CEU6N, STM32G0C1KCT6, STM32G0C1NEY6TR, STM32G0C1RCI6N, STM32G0C1RCT6N, STM32G0C1REI6N, STM32G0C1RET6N, STM32G0C1VCI6, STM32G0C1VEI6, STM32G471CCT6, STM32G471CCU6, STM32G471CET3, STM32G471CET6, STM32G471CEU3, STM32G471CEU6, STM32G471MCT6, STM32G471MET3, STM32G471MET6, STM32G471MEY6TR, STM32G471QCT6, STM32G471QET3, STM32G471RCT6, STM32G471RET3, STM32G471RET6, STM32G471VCH6, STM32G471VCI6, STM32G471VCT6, STM32G471VEH3, STM32G471VEH6, STM32G471VEI3, STM32G471VEI6, STM32G471VET3, STM32G471VET6, STM32G474CCT6, STM32H503CBT6, STM32H503CBU6, STM32H503EBY6TR, STM32H503KBU6, STM32H503RBT6, STM32H523CCT6, STM32H523CCU6, STM32H523CET6, STM32H523CEU6, STM32H523HEY6TR, STM32H523RCT6, STM32H523RET6, STM32H523VCI6, STM32H523VCT6, STM32H523VEI6, STM32H523VET6, STM32H523ZCJ6, STM32H523ZCT6, STM32H523ZEJ6, STM32H523ZET6, STM32H533CET6, STM32H533CEU6, STM32H533HEY6TR, STM32H533RET6, STM32H533VEI6, STM32H533VET6, STM32H533ZEJ6, STM32H533ZET6, STM32H562AGI6, STM32H562AII6, STM32H562IGK6, STM32H562IGT6, STM32H562IIK6, STM32H562IIT6, STM32H562RGT6, STM32H562RGV6, STM32H562RIT6, STM32H562RIV6, STM32H562VGT6, STM32H562VIT6, STM32H562ZGT6, STM32H562ZIT6, STM32H563AGI6, STM32H563AII3Q, STM32H563AII6, STM32H563IGK6, STM32H563IGT6, STM32H563IIK3Q, STM32H563IIK6, STM32H563IIT3Q, STM32H563IIT6, STM32H563MIY3QTR, STM32H563RGT6, STM32H563RGV6, STM32H563RIT6, STM32H563RIV6, STM32H563VGT6, STM32H563VIT3Q, STM32H563VIT6, STM32H563ZGT6, STM32H563ZIT3Q, STM32H563ZIT6, STM32H573AII3Q, STM32H573AII6, STM32H573I-DK, STM32H573IIK3Q, STM32H573IIK6, STM32H573IIT3Q, STM32H573IIT6, STM32H573MIY3QTR, STM32H573RIT6, STM32H573RIV6, STM32H573VIT3Q, STM32H573VIT6, STM32H573ZIT3Q, STM32H573ZIT6, STM32H7R3A8I6, STM32H7R3I8K6, STM32H7R3I8T6, STM32H7R3L8H6, STM32H7R3L8H6H, STM32H7R3R8V6, STM32H7R3V8H6, STM32H7R3V8T6, STM32H7R3V8Y6, STM32H7R3Z8J6, STM32H7R3Z8T6, STM32H7R7A8I6, STM32H7R7I8K6, STM32H7R7I8T6, STM32H7R7L8H6, STM32H7R7L8H6H, STM32H7R7Z8J6, STM32H7S3A8I6, STM32H7S3I8K6, STM32H7S3I8T6, STM32H7S3L8H6, STM32H7S3L8H6H, STM32H7S3R8V6, STM32H7S3V8H6, STM32H7S3V8T6, STM32H7S3V8Y6, STM32H7S3Z8J6, STM32H7S3Z8T6, STM32H7S78-DK, STM32H7S7A8I6, STM32H7S7I8K6, STM32H7S7I8T6, STM32H7S7L8H6, STM32H7S7L8H6H, STM32H7S7Z8J6, STM32L4R5QGI6STR, STM32MP131AAE3, STM32MP131AAF3, STM32MP131AAG3, STM32MP131CAE3, STM32MP131CAF3, STM32MP131CAG3, STM32MP131DAE7, STM32MP131DAF7, STM32MP131DAG7, STM32MP131FAE7, STM32MP131FAF7, STM32MP131FAG7, STM32MP133AAE3, STM32MP133AAF3, STM32MP133AAG3, STM32MP133CAE3, STM32MP133CAF3, STM32MP133CAG3, STM32MP133DAE7, STM32MP133DAF7, STM32MP133DAG7, STM32MP133FAE7, STM32MP133FAF7, STM32MP133FAG7, STM32MP135AAE3, STM32MP135AAF3, STM32MP135AAG3, STM32MP135CAE3, STM32MP135CAF3, STM32MP135CAG3, STM32MP135DAE7, STM32MP135DAF7, STM32MP135DAG7, STM32MP135F-DK, STM32MP135FAE7, STM32MP135FAF7, STM32MP135FAF7T, STM32MP135FAF7U, STM32MP135FAG7, STM32U031C6T6, STM32U031C6U6, STM32U031C8T6, STM32U031C8U6, STM32U031F4P6, STM32U031F6P6, STM32U031F8P6, STM32U031G6Y6TR, STM32U031G8Y6TR, STM32U031K4U6, STM32U031K6U6, STM32U031K8U6, STM32U031R6I6, STM32U031R6T6, STM32U031R8I6, STM32U031R8T6, STM32U073C8T6, STM32U073C8U6, STM32U073CBT6, STM32U073CBU6, STM32U073CCT6, STM32U073CCU6, STM32U073H8Y6TR, STM32U073HBY6TR, STM32U073HCY6TR, STM32U073K8U6, STM32U073KBU6, STM32U073KCU6, STM32U073M8I6, STM32U073M8T6, STM32U073MBI6, STM32U073MBT6, STM32U073MCI6, STM32U073MCT6, STM32U073R8I6, STM32U073R8T6, STM32U073RBI6, STM32U073RBT6, STM32U073RCI6, STM32U073RCT6, STM32U083C-DK, STM32U083CCT6, STM32U083CCU6, STM32U083HCY6TR, STM32U083KCU6, STM32U083MCI6, STM32U083MCT6, STM32U083RCI6, STM32U083RCT6, STM32U535CBT6, STM32U535CBT6Q, STM32U535CBU6, STM32U535CBU6Q, STM32U535CCT6, STM32U535CCT6Q, STM32U535CCU6, STM32U535CCU6Q, STM32U535CET6, STM32U535CET6Q, STM32U535CEU6, STM32U535CEU6Q, STM32U535JEY6QTR, STM32U535NCY6QTR, STM32U535NEY6QTR, STM32U535RBI6, STM32U535RBI6Q, STM32U535RBT6, STM32U535RBT6Q, STM32U535RCI6, STM32U535RCI6Q, STM32U535RCT6, STM32U535RCT6Q, STM32U535REI6, STM32U535REI6Q, STM32U535RET6, STM32U535RET6Q, STM32U535VCI6, STM32U535VCI6Q, STM32U535VCT6, STM32U535VCT6Q, STM32U535VEI6, STM32U535VEI6Q, STM32U535VET6, STM32U535VET6Q, STM32U545CET6, STM32U545CET6Q, STM32U545CEU6, STM32U545CEU6Q, STM32U545JEY6QTR, STM32U545NEY6QTR, STM32U545REI6, STM32U545REI6Q, STM32U545RET6, STM32U545RET6Q, STM32U545VEI6, STM32U545VEI6Q, STM32U545VET6, STM32U545VET6Q, STM32U595AIH6, STM32U595AIH6Q, STM32U595AJH6, STM32U595AJH6Q, STM32U595QII6, STM32U595QII6Q, STM32U595QJI6, STM32U595QJI6Q, STM32U595RIT6, STM32U595RIT6Q, STM32U595RJT6, STM32U595RJT6Q, STM32U595VIT6, STM32U595VIT6Q, STM32U595VJT6, STM32U595VJT6Q, STM32U595ZIT6, STM32U595ZIT6Q, STM32U595ZIY6QTR, STM32U595ZJT6, STM32U595ZJT6Q, STM32U595ZJY6QTR, STM32U599BJY6QTR, STM32U599NIH6Q, STM32U599NJH6Q, STM32U599VIT6Q, STM32U599VJT6, STM32U599VJT6Q, STM32U599ZIT6Q, STM32U599ZIY6QTR, STM32U599ZJT6Q, STM32U599ZJY6QTR, STM32U5A5AJH6, STM32U5A5AJH6Q, STM32U5A5QII3Q , STM32U5A5QJI6, STM32U5A5QJI6Q, STM32U5A5RJT6, STM32U5A5RJT6Q, STM32U5A5VJT6, STM32U5A5VJT6Q, STM32U5A5ZJT6, STM32U5A5ZJT6Q, STM32U5A5ZJY6QTR, STM32U5A9BJY6QTR, STM32U5A9J-DK, STM32U5A9NJH6Q, STM32U5A9VJT6Q, STM32U5A9ZJT6Q, STM32U5A9ZJY6QTR, STM32U5F7VIT6, STM32U5F7VIT6Q, STM32U5F7VJT6, STM32U5F7VJT6Q, STM32U5F9BJY6QTR, STM32U5F9NJH6Q, STM32U5F9VIT6Q, STM32U5F9VJT6Q, STM32U5F9ZIJ6QTR, STM32U5F9ZIT6Q, STM32U5F9ZJJ6QTR, STM32U5F9ZJT6Q, STM32U5G7VJT6, STM32U5G7VJT6Q, STM32U5G9BJY6QTR, STM32U5G9J-DK1, STM32U5G9J-DK2, STM32U5G9NJH6Q, STM32U5G9VJT6Q, STM32U5G9ZJJ6QTR, STM32U5G9ZJT6Q, STM32WB1MMCH6, STM32WBA50KEU6, STM32WBA50KEU6TR, STM32WBA50KGU6, STM32WBA50KGU6TR, STM32WBA52CEU6, STM32WBA52CEU6TR, STM32WBA52CEU7, STM32WBA52CEU7TR, STM32WBA52CGU6, STM32WBA52CGU6TR, STM32WBA52CGU6U, STM32WBA52CGU7, STM32WBA52CGU7TR, STM32WBA52KEU6, STM32WBA52KEU6TR, STM32WBA52KGU6, STM32WBA52KGU6TR, STM32WBA54CEU6, STM32WBA54CEU6TR, STM32WBA54CEU7, STM32WBA54CEU7TR, STM32WBA54CGU6, STM32WBA54CGU6TR, STM32WBA54CGU7, STM32WBA54CGU7TR, STM32WBA54KEU6, STM32WBA54KEU6TR, STM32WBA54KEU7, STM32WBA54KEU7TR, STM32WBA54KGU6, STM32WBA54KGU6TR, STM32WBA54KGU7, STM32WBA54KGU7TR, STM32WBA55CEU6, STM32WBA55CEU6TR, STM32WBA55CEU7, STM32WBA55CEU7TR, STM32WBA55CGU6, STM32WBA55CGU6TR, STM32WBA55CGU6U, STM32WBA55CGU7, STM32WBA55CGU7TR, STM32WBA55G-DK1, STM32WBA55HEF6, STM32WBA55HEF7, STM32WBA55HGF6, STM32WBA55HGF7, STM32WBA55UEI6, STM32WBA55UEI6TR, STM32WBA55UEI7, STM32WBA55UEI7TR, STM32WBA55UGI6, STM32WBA55UGI6TR, STM32WBA55UGI7, STM32WBA55UGI7TR, STM32WL5MOCH6, STM32WL5MOCH6TR]
2024-07-01 18:49:15,835 [INFO] DbMcus:218 - Found 4096 MCUs, 4096 are supported
2024-07-01 18:49:15,835 [INFO] ApiDb:423 - Load user favorites file C:\Users\shun/.stm32cubeide/favorites.mcus.txt: 0 item(s)
2024-07-01 18:49:15,835 [INFO] ApiDb:427 - User favorites MCUs=[]
2024-07-01 18:49:15,836 [INFO] DbMcus:224 - Set 0 / 0 favorites MCUs
2024-07-01 18:49:16,009 [INFO] ApiDb:423 - Load user favorites file C:\Users\shun/.stm32cubeide/favorites.boards.txt: 1 item(s)
2024-07-01 18:49:16,009 [INFO] ApiDb:427 - User favorites Boards=[STM32U5G9J-DK2]
2024-07-01 18:49:16,009 [INFO] DbBoards:198 - Set 1 / 1 favorites Boards
2024-07-01 18:49:16,009 [INFO] McuFinderGlobals:76 - Set McuFinderConnectedMode to true
2024-07-01 18:49:16,013 [INFO] MultiScanPanel:200 - Auto-refresh data requested => check proxy status ongoing
2024-07-01 18:49:16,015 [INFO] FinderPluginLoader:95 - Searching for filters in installed packs
2024-07-01 18:49:16,980 [INFO] LoadUrlFilesThread:185 - End of LoadServerUrlFiles without Thread
2024-07-01 18:49:16,989 [INFO] DetailPanel:341 - Set advertising image to C:/Users/shun/STM32Cube/Repository/\en.prom-stm32h7rs-mcu-finder.jpg
2024-07-01 18:49:31,967 [INFO] MainUpdater:2873 - connection check result : 10
2024-07-01 18:49:32,225 [INFO] McuFinderGlobals:76 - Set McuFinderConnectedMode to true
2024-07-01 18:49:32,227 [INFO] MultiScanPanel:200 - Auto-refresh data requested => check proxy status ongoing
2024-07-01 18:49:32,227 [INFO] FinderPluginLoader:95 - Searching for filters in installed packs
2024-07-01 18:49:32,809 [INFO] LoadUrlFilesThread:185 - End of LoadServerUrlFiles without Thread
2024-07-01 18:49:32,809 [INFO] DetailPanel:341 - Set advertising image to C:/Users/shun/STM32Cube/Repository/\en.prom-stm32h7rs-mcu-finder.jpg
2024-07-01 18:49:43,369 [ERROR] LogOutputStream:75 - [STDERR_REDIRECT] Exception in thread "AWT-EventQueue-0" java.lang.NullPointerException: Cannot invoke "com.st.stm32cube.common.mx.targetselector.IdeMcuFinder.cleanUp(boolean)" because "this.this$0.mcuFinder" is null
2024-07-01 18:49:43,370 [ERROR] LogOutputStream:75 - [STDERR_REDIRECT] 	at com.st.stm32cube.common.mx.targetselector.TargetSelectorAdapter$7.run(TargetSelectorAdapter.java:353)
2024-07-01 18:49:43,371 [ERROR] LogOutputStream:75 - [STDERR_REDIRECT] 	at com.st.stm32cube.common.mx.oss.core.awtswtbridge.AwtEnvironment$2.run(AwtEnvironment.java:166)
2024-07-01 18:49:43,372 [ERROR] LogOutputStream:75 - [STDERR_REDIRECT] 	at java.desktop/java.awt.event.InvocationEvent.dispatch(InvocationEvent.java:318)
2024-07-01 18:49:43,373 [ERROR] LogOutputStream:75 - [STDERR_REDIRECT] 	at java.desktop/java.awt.EventQueue.dispatchEventImpl(EventQueue.java:773)
2024-07-01 18:49:43,374 [ERROR] LogOutputStream:75 - [STDERR_REDIRECT] 	at java.desktop/java.awt.EventQueue$4.run(EventQueue.java:720)
2024-07-01 18:49:43,375 [ERROR] LogOutputStream:75 - [STDERR_REDIRECT] 	at java.desktop/java.awt.EventQueue$4.run(EventQueue.java:714)
2024-07-01 18:49:43,376 [ERROR] LogOutputStream:75 - [STDERR_REDIRECT] 	at java.base/java.security.AccessController.doPrivileged(AccessController.java:399)
2024-07-01 18:49:43,377 [ERROR] LogOutputStream:75 - [STDERR_REDIRECT] 	at java.base/java.security.ProtectionDomain$JavaSecurityAccessImpl.doIntersectionPrivilege(ProtectionDomain.java:86)
2024-07-01 18:49:43,377 [ERROR] LogOutputStream:75 - [STDERR_REDIRECT] 	at java.desktop/java.awt.EventQueue.dispatchEvent(EventQueue.java:742)
2024-07-01 18:49:43,378 [ERROR] LogOutputStream:75 - [STDERR_REDIRECT] 	at java.desktop/java.awt.EventDispatchThread.pumpOneEventForFilters(EventDispatchThread.java:203)
2024-07-01 18:49:43,380 [ERROR] LogOutputStream:75 - [STDERR_REDIRECT] 	at java.desktop/java.awt.EventDispatchThread.pumpEventsForFilter(EventDispatchThread.java:124)
2024-07-01 18:49:43,381 [ERROR] LogOutputStream:75 - [STDERR_REDIRECT] 	at java.desktop/java.awt.EventDispatchThread.pumpEventsForHierarchy(EventDispatchThread.java:113)
2024-07-01 18:49:43,382 [ERROR] LogOutputStream:75 - [STDERR_REDIRECT] 	at java.desktop/java.awt.EventDispatchThread.pumpEvents(EventDispatchThread.java:109)
2024-07-01 18:49:43,383 [ERROR] LogOutputStream:75 - [STDERR_REDIRECT] 	at java.desktop/java.awt.EventDispatchThread.pumpEvents(EventDispatchThread.java:101)
2024-07-01 18:49:43,384 [ERROR] LogOutputStream:75 - [STDERR_REDIRECT] 	at java.desktop/java.awt.EventDispatchThread.run(EventDispatchThread.java:90)
2024-07-01 18:49:43,387 [ERROR] LogOutputStream:75 - [STDERR_REDIRECT] Exception in thread "AWT-EventQueue-0" java.lang.NullPointerException: Cannot invoke "com.st.stm32cube.common.mx.targetselector.IdeMcuFinder.cleanUp(boolean)" because "this.this$0.mcuFinder" is null
2024-07-01 18:49:43,388 [ERROR] LogOutputStream:75 - [STDERR_REDIRECT] 	at com.st.stm32cube.common.mx.targetselector.TargetSelectorAdapter$7.run(TargetSelectorAdapter.java:353)
2024-07-01 18:49:43,389 [ERROR] LogOutputStream:75 - [STDERR_REDIRECT] 	at com.st.stm32cube.common.mx.oss.core.awtswtbridge.AwtEnvironment$2.run(AwtEnvironment.java:166)
2024-07-01 18:49:43,390 [ERROR] LogOutputStream:75 - [STDERR_REDIRECT] 	at java.desktop/java.awt.event.InvocationEvent.dispatch(InvocationEvent.java:318)
2024-07-01 18:49:43,391 [ERROR] LogOutputStream:75 - [STDERR_REDIRECT] 	at java.desktop/java.awt.EventQueue.dispatchEventImpl(EventQueue.java:773)
2024-07-01 18:49:43,391 [ERROR] LogOutputStream:75 - [STDERR_REDIRECT] 	at java.desktop/java.awt.EventQueue$4.run(EventQueue.java:720)
2024-07-01 18:49:43,392 [ERROR] LogOutputStream:75 - [STDERR_REDIRECT] 	at java.desktop/java.awt.EventQueue$4.run(EventQueue.java:714)
2024-07-01 18:49:43,393 [ERROR] LogOutputStream:75 - [STDERR_REDIRECT] 	at java.base/java.security.AccessController.doPrivileged(AccessController.java:399)
2024-07-01 18:49:43,394 [ERROR] LogOutputStream:75 - [STDERR_REDIRECT] 	at java.base/java.security.ProtectionDomain$JavaSecurityAccessImpl.doIntersectionPrivilege(ProtectionDomain.java:86)
2024-07-01 18:49:43,395 [ERROR] LogOutputStream:75 - [STDERR_REDIRECT] 	at java.desktop/java.awt.EventQueue.dispatchEvent(EventQueue.java:742)
2024-07-01 18:49:43,396 [ERROR] LogOutputStream:75 - [STDERR_REDIRECT] 	at java.desktop/java.awt.EventDispatchThread.pumpOneEventForFilters(EventDispatchThread.java:203)
2024-07-01 18:49:43,397 [ERROR] LogOutputStream:75 - [STDERR_REDIRECT] 	at java.desktop/java.awt.EventDispatchThread.pumpEventsForFilter(EventDispatchThread.java:124)
2024-07-01 18:49:43,398 [ERROR] LogOutputStream:75 - [STDERR_REDIRECT] 	at java.desktop/java.awt.EventDispatchThread.pumpEventsForHierarchy(EventDispatchThread.java:113)
2024-07-01 18:49:43,399 [ERROR] LogOutputStream:75 - [STDERR_REDIRECT] 	at java.desktop/java.awt.EventDispatchThread.pumpEvents(EventDispatchThread.java:109)
2024-07-01 18:49:43,400 [ERROR] LogOutputStream:75 - [STDERR_REDIRECT] 	at java.desktop/java.awt.EventDispatchThread.pumpEvents(EventDispatchThread.java:101)
2024-07-01 18:49:43,400 [ERROR] LogOutputStream:75 - [STDERR_REDIRECT] 	at java.desktop/java.awt.EventDispatchThread.run(EventDispatchThread.java:90)
2024-07-01 18:52:54,007 [ERROR] LogOutputStream:75 - [STDERR_REDIRECT] Exception in thread "AWT-EventQueue-0" org.eclipse.swt.SWTException: Device is disposed
2024-07-01 18:52:54,009 [ERROR] LogOutputStream:75 - [STDERR_REDIRECT] 	at org.eclipse.swt.SWT.error(SWT.java:4918)
2024-07-01 18:52:54,009 [ERROR] LogOutputStream:75 - [STDERR_REDIRECT] 	at org.eclipse.swt.SWT.error(SWT.java:4833)
2024-07-01 18:52:54,010 [ERROR] LogOutputStream:75 - [STDERR_REDIRECT] 	at org.eclipse.swt.SWT.error(SWT.java:4804)
2024-07-01 18:52:54,011 [ERROR] LogOutputStream:75 - [STDERR_REDIRECT] 	at org.eclipse.swt.widgets.Display.error(Display.java:1278)
2024-07-01 18:52:54,012 [ERROR] LogOutputStream:75 - [STDERR_REDIRECT] 	at org.eclipse.swt.widgets.Display.asyncExec(Display.java:774)
2024-07-01 18:52:54,013 [ERROR] LogOutputStream:75 - [STDERR_REDIRECT] 	at com.st.stm32cube.common.mx.oss.core.awtswtbridge.AwtEnvironment$2.run(AwtEnvironment.java:168)
2024-07-01 18:52:54,014 [ERROR] LogOutputStream:75 - [STDERR_REDIRECT] 	at java.desktop/java.awt.event.InvocationEvent.dispatch(InvocationEvent.java:318)
2024-07-01 18:52:54,015 [ERROR] LogOutputStream:75 - [STDERR_REDIRECT] 	at java.desktop/java.awt.EventQueue.dispatchEventImpl(EventQueue.java:773)
2024-07-01 18:52:54,016 [ERROR] LogOutputStream:75 - [STDERR_REDIRECT] 	at java.desktop/java.awt.EventQueue$4.run(EventQueue.java:720)
2024-07-01 18:52:54,017 [ERROR] LogOutputStream:75 - [STDERR_REDIRECT] 	at java.desktop/java.awt.EventQueue$4.run(EventQueue.java:714)
2024-07-01 18:52:54,017 [ERROR] LogOutputStream:75 - [STDERR_REDIRECT] 	at java.base/java.security.AccessController.doPrivileged(AccessController.java:399)
2024-07-01 18:52:54,019 [ERROR] LogOutputStream:75 - [STDERR_REDIRECT] 	at java.base/java.security.ProtectionDomain$JavaSecurityAccessImpl.doIntersectionPrivilege(ProtectionDomain.java:86)
2024-07-01 18:52:54,020 [ERROR] LogOutputStream:75 - [STDERR_REDIRECT] 	at java.desktop/java.awt.EventQueue.dispatchEvent(EventQueue.java:742)
2024-07-01 18:52:54,021 [ERROR] LogOutputStream:75 - [STDERR_REDIRECT] 	at java.desktop/java.awt.EventDispatchThread.pumpOneEventForFilters(EventDispatchThread.java:203)
2024-07-01 18:52:54,022 [ERROR] LogOutputStream:75 - [STDERR_REDIRECT] 	at java.desktop/java.awt.EventDispatchThread.pumpEventsForFilter(EventDispatchThread.java:124)
2024-07-01 18:52:54,023 [ERROR] LogOutputStream:75 - [STDERR_REDIRECT] 	at java.desktop/java.awt.EventDispatchThread.pumpEventsForHierarchy(EventDispatchThread.java:113)
2024-07-01 18:52:54,024 [ERROR] LogOutputStream:75 - [STDERR_REDIRECT] 	at java.desktop/java.awt.EventDispatchThread.pumpEvents(EventDispatchThread.java:109)
2024-07-01 18:52:54,025 [ERROR] LogOutputStream:75 - [STDERR_REDIRECT] 	at java.desktop/java.awt.EventDispatchThread.pumpEvents(EventDispatchThread.java:101)
2024-07-01 18:52:54,026 [ERROR] LogOutputStream:75 - [STDERR_REDIRECT] 	at java.desktop/java.awt.EventDispatchThread.run(EventDispatchThread.java:90)
2024-07-01 18:52:54,091 [ERROR] LogOutputStream:75 - [STDERR_REDIRECT] 
