2024-07-01 18:38:56,568 [INFO] Activator:176 - 


2024-07-01 18:38:56,570 [INFO] Activator:177 - !SESSION log4j initialized
2024-07-01 18:38:59,313 [INFO] LogOutputStream:77 - [STDOUT_REDIRECT] 
2024-07-01 18:39:06,081 [INFO] ApplicationProperties:184 - Using Application install path: C:\ST\STM32CubeIDE_1.15.1\STM32CubeIDE\plugins\com.st.stm32cube.common.mx_6.11.1.202404110753
2024-07-01 18:39:06,097 [INFO] DbMcusXml:78 - Set database path to: C:\ST\STM32CubeIDE_1.15.1\STM32CubeIDE\plugins\com.st.stm32cube.common.mx_6.11.1.202404110753\\db\/mcu/
2024-07-01 18:39:06,097 [INFO] ApiDb:274 - Set plugin database path to: C:\ST\STM32CubeIDE_1.15.1\STM32CubeIDE\plugins\com.st.stm32cube.common.mx_6.11.1.202404110753\\db\/plugins/boardmanager/
2024-07-01 18:39:06,098 [WARN] ApiDb:259 - Overriding images path with different value:  => C:\ST\STM32CubeIDE_1.15.1\STM32CubeIDE\plugins\com.st.stm32cube.common.mx_6.11.1.202404110753\\db\/plugins/mcufinder/images/
2024-07-01 18:39:06,103 [INFO] ApiDb:250 - Set database path to: C:\Users\shun\.stmcufinder\plugins\mcufinder//mcu/
2024-07-01 18:39:06,103 [INFO] DbMcusAds:125 - Set database path to: C:\Users\shun\.stmcufinder\plugins\mcufinder//mcu/
2024-07-01 18:39:06,104 [INFO] CrossReferenceDbSqlite:203 - Set database path to: C:\Users\shun\.stmcufinder\plugins\mcufinder//mcu/cs/
2024-07-01 18:39:06,179 [INFO] RulesReader:64 - Compatibility file has been processed (297 Rules)
2024-07-01 18:39:06,249 [INFO] DbMcusXml:78 - Set database path to: C:\ST\STM32CubeIDE_1.15.1\STM32CubeIDE\plugins\com.st.stm32cube.common.mx_6.11.1.202404110753\\db\/mcu/
2024-07-01 18:39:06,249 [INFO] ApiDb:274 - Set plugin database path to: C:\ST\STM32CubeIDE_1.15.1\STM32CubeIDE\plugins\com.st.stm32cube.common.mx_6.11.1.202404110753\\db\/plugins/boardmanager/
2024-07-01 18:39:06,249 [INFO] ApiDb:261 - Set plugin images path to: C:\ST\STM32CubeIDE_1.15.1\STM32CubeIDE\plugins\com.st.stm32cube.common.mx_6.11.1.202404110753\\db\/plugins/mcufinder/images/
2024-07-01 18:39:06,249 [WARN] DbFile:41 - Overriding database path with different value: C:\Users\shun\.stmcufinder\plugins\mcufinder/ => C:\Users\shun\.stmcufinder\plugins\mcufinder
2024-07-01 18:39:06,249 [INFO] ApiDb:250 - Set database path to: C:\Users\shun\.stmcufinder\plugins\mcufinder//mcu/
2024-07-01 18:39:06,249 [WARN] DbFile:41 - Overriding database path with different value: C:\Users\shun\.stmcufinder\plugins\mcufinder/ => C:\Users\shun\.stmcufinder\plugins\mcufinder
2024-07-01 18:39:06,249 [INFO] DbMcusAds:125 - Set database path to: C:\Users\shun\.stmcufinder\plugins\mcufinder//mcu/
2024-07-01 18:39:06,249 [WARN] DbFile:41 - Overriding database path with different value: C:\Users\shun\.stmcufinder\plugins\mcufinder/ => C:\Users\shun\.stmcufinder\plugins\mcufinder
2024-07-01 18:39:06,249 [WARN] DbFile:41 - Overriding database path with different value: C:\Users\shun\.stmcufinder\plugins\mcufinder/ => C:\Users\shun\.stmcufinder\plugins\mcufinder
2024-07-01 18:39:06,249 [INFO] CrossReferenceDbSqlite:203 - Set database path to: C:\Users\shun\.stmcufinder\plugins\mcufinder//mcu/cs/
2024-07-01 18:39:06,300 [INFO] MainPanel:264 - HeapMemory: 268435456
2024-07-01 18:39:06,344 [INFO] DbMcusXml:78 - Set database path to: C:\ST\STM32CubeIDE_1.15.1\STM32CubeIDE\plugins\com.st.stm32cube.common.mx_6.11.1.202404110753\\db\/mcu/
2024-07-01 18:39:06,344 [INFO] ApiDb:274 - Set plugin database path to: C:\ST\STM32CubeIDE_1.15.1\STM32CubeIDE\plugins\com.st.stm32cube.common.mx_6.11.1.202404110753\\db\/plugins/boardmanager/
2024-07-01 18:39:06,345 [INFO] ApiDb:261 - Set plugin images path to: C:\ST\STM32CubeIDE_1.15.1\STM32CubeIDE\plugins\com.st.stm32cube.common.mx_6.11.1.202404110753\\db\/plugins/mcufinder/images/
2024-07-01 18:39:06,345 [WARN] DbFile:41 - Overriding database path with different value: C:\Users\shun\.stmcufinder\plugins\mcufinder/ => C:\Users\shun\.stmcufinder\plugins\mcufinder
2024-07-01 18:39:06,345 [INFO] ApiDb:250 - Set database path to: C:\Users\shun\.stmcufinder\plugins\mcufinder//mcu/
2024-07-01 18:39:06,345 [WARN] DbFile:41 - Overriding database path with different value: C:\Users\shun\.stmcufinder\plugins\mcufinder/ => C:\Users\shun\.stmcufinder\plugins\mcufinder
2024-07-01 18:39:06,345 [INFO] DbMcusAds:125 - Set database path to: C:\Users\shun\.stmcufinder\plugins\mcufinder//mcu/
2024-07-01 18:39:06,345 [WARN] DbFile:41 - Overriding database path with different value: C:\Users\shun\.stmcufinder\plugins\mcufinder/ => C:\Users\shun\.stmcufinder\plugins\mcufinder
2024-07-01 18:39:06,345 [WARN] DbFile:41 - Overriding database path with different value: C:\Users\shun\.stmcufinder\plugins\mcufinder/ => C:\Users\shun\.stmcufinder\plugins\mcufinder
2024-07-01 18:39:06,345 [INFO] CrossReferenceDbSqlite:203 - Set database path to: C:\Users\shun\.stmcufinder\plugins\mcufinder//mcu/cs/
2024-07-01 18:39:06,356 [INFO] ApplicationProperties:184 - Using Application install path: C:\ST\STM32CubeIDE_1.15.1\STM32CubeIDE\plugins\com.st.stm32cube.common.mx_6.11.1.202404110753
2024-07-01 18:39:06,357 [INFO] PluginManage:196 - Search for loadable plugins [exclusion list=, ]
2024-07-01 18:39:06,358 [INFO] PluginManage:310 - Check plugin analytics
2024-07-01 18:39:06,523 [INFO] AnalyticsPlugin:253 - Accepted Software Licenses: STM32CubeMX.6.11.1
2024-07-01 18:39:06,523 [INFO] AnalyticsPlugin:255 - Accepted CMSIS Pack Licenses: STMicroelectronics.X-CUBE-FREERTOS.1.0.1,STMicroelectronics.X-CUBE-TOUCHGFX.4.24.0
2024-07-01 18:39:06,524 [INFO] AnalyticsPlugin:257 - Accepted Firmware Licenses: FW.U5.1.5.0
2024-07-01 18:39:06,527 [INFO] PluginManage:359 - Loaded plugin analytics (category:tool,tabindex:-1)
2024-07-01 18:39:06,528 [INFO] PluginManage:310 - Check plugin cadmodel
2024-07-01 18:39:06,532 [INFO] CADModel:105 - Init CAD model plugin
2024-07-01 18:39:06,532 [INFO] PluginManage:359 - Loaded plugin cadmodel (category:power,tabindex:5)
2024-07-01 18:39:06,532 [INFO] PluginManage:310 - Check plugin clock
2024-07-01 18:39:06,550 [INFO] PluginManage:359 - Loaded plugin clock (category:base,tabindex:2)
2024-07-01 18:39:06,551 [INFO] PluginManage:310 - Check plugin ddr
2024-07-01 18:39:06,554 [INFO] PluginManage:359 - Loaded plugin ddr (category:tool,tabindex:6)
2024-07-01 18:39:06,554 [INFO] PluginManage:310 - Check plugin filemanager
2024-07-01 18:39:06,668 [INFO] PluginManage:359 - Loaded plugin filemanager (category:base,tabindex:10)
2024-07-01 18:39:06,668 [INFO] PluginManage:310 - Check plugin ipmanager
2024-07-01 18:39:06,674 [INFO] PluginManage:359 - Loaded plugin ipmanager (category:base,tabindex:5)
2024-07-01 18:39:06,674 [INFO] PluginManage:310 - Check plugin lpbam
2024-07-01 18:39:06,689 [INFO] PluginManage:359 - Loaded plugin lpbam (category:base,tabindex:0)
2024-07-01 18:39:06,690 [INFO] PluginManage:310 - Check plugin memorymap
2024-07-01 18:39:06,704 [INFO] PluginManage:359 - Loaded plugin memorymap (category:base,tabindex:4)
2024-07-01 18:39:06,704 [INFO] PluginManage:310 - Check plugin pinoutandconfiguration
2024-07-01 18:39:06,711 [INFO] PluginManage:359 - Loaded plugin pinoutandconfiguration (category:base,tabindex:1)
2024-07-01 18:39:06,711 [INFO] PluginManage:310 - Check plugin pinoutconfig
2024-07-01 18:39:06,787 [WARN] SupportedApi:132 - Cannot load RTOS API schema: s4s-elt-must-match.1: The content of 'definitions' must match (annotation?, (simpleType | complexType)?, (unique | key | keyref)*)). A problem was found starting at: attribute.
2024-07-01 18:39:06,897 [INFO] PluginManage:359 - Loaded plugin pinoutconfig (category:base,tabindex:0)
2024-07-01 18:39:06,897 [INFO] PluginManage:310 - Check plugin power
2024-07-01 18:39:06,904 [INFO] PluginManage:359 - Loaded plugin power (category:power,tabindex:4)
2024-07-01 18:39:06,904 [INFO] PluginManage:310 - Check plugin projectmanager
2024-07-01 18:39:06,915 [INFO] PluginManage:359 - Loaded plugin projectmanager (category:projectmanager,tabindex:3)
2024-07-01 18:39:06,915 [INFO] PluginManage:310 - Check plugin thirdparty
2024-07-01 18:39:07,006 [WARN] IntegrityCheckThread:84 - waiting for thirdparty lock release [integrity check]
2024-07-01 18:39:07,007 [INFO] IntegrityCheckThread:86 - entering critical section [integrity check]
2024-07-01 18:39:07,007 [INFO] PluginManage:359 - Loaded plugin thirdparty (category:base,tabindex:-1)
2024-07-01 18:39:07,007 [INFO] PluginManage:310 - Check plugin tools
2024-07-01 18:39:07,007 [INFO] ThirdPartyUpdaterWithRetryManager:70 - Updater plugin not ready yet. [1/15]
2024-07-01 18:39:07,010 [INFO] PluginManage:359 - Loaded plugin tools (category:base,tabindex:7)
2024-07-01 18:39:07,010 [INFO] PluginManage:310 - Check plugin tutovideos
2024-07-01 18:39:07,120 [INFO] PluginManage:359 - Loaded plugin tutovideos (category:base,tabindex:-1)
2024-07-01 18:39:07,120 [INFO] PluginManage:310 - Check plugin updater
2024-07-01 18:39:07,126 [INFO] PluginManage:359 - Loaded plugin updater (category:base,tabindex:12)
2024-07-01 18:39:07,126 [INFO] PluginManage:310 - Check plugin userauth
2024-07-01 18:39:07,129 [INFO] UserAuth:114 - Init User Auth plugin
2024-07-01 18:39:07,129 [INFO] PluginManage:359 - Loaded plugin userauth (category:base,tabindex:14)
2024-07-01 18:39:07,129 [INFO] PluginManage:283 - PluginManage : Loaded plugins [17]
2024-07-01 18:39:07,268 [INFO] PinOutPanel:1561 - setPackage(No Configuration,No Configuration)
2024-07-01 18:39:07,316 [INFO] CADModel:165 - CPN selected for project level
2024-07-01 18:39:07,316 [INFO] CADModel:114 - Register for checkConnection events
2024-07-01 18:39:07,327 [INFO] IPUIPlugin:80 - create IPUIPlugin
2024-07-01 18:39:07,328 [INFO] PluginManager:220 - loadIPPluginJar : add adc
2024-07-01 18:39:07,329 [INFO] IPUIPlugin:80 - create IPUIPlugin
2024-07-01 18:39:07,329 [INFO] PluginManager:220 - loadIPPluginJar : add aes
2024-07-01 18:39:07,331 [INFO] IPUIPlugin:80 - create IPUIPlugin
2024-07-01 18:39:07,331 [INFO] PluginManager:220 - loadIPPluginJar : add can
2024-07-01 18:39:07,332 [INFO] IPUIPlugin:80 - create IPUIPlugin
2024-07-01 18:39:07,332 [INFO] PluginManager:220 - loadIPPluginJar : add comp
2024-07-01 18:39:07,334 [INFO] IPUIPlugin:80 - create IPUIPlugin
2024-07-01 18:39:07,334 [INFO] PluginManager:220 - loadIPPluginJar : add cryp
2024-07-01 18:39:07,336 [INFO] IPUIPlugin:80 - create IPUIPlugin
2024-07-01 18:39:07,336 [INFO] PluginManager:220 - loadIPPluginJar : add dfsdm
2024-07-01 18:39:07,339 [INFO] IPUIPlugin:80 - create IPUIPlugin
2024-07-01 18:39:07,340 [INFO] PluginManager:220 - loadIPPluginJar : add dma
2024-07-01 18:39:07,341 [INFO] IPUIPlugin:80 - create IPUIPlugin
2024-07-01 18:39:07,341 [INFO] PluginManager:220 - loadIPPluginJar : add dma3
2024-07-01 18:39:07,342 [INFO] IPUIPlugin:80 - create IPUIPlugin
2024-07-01 18:39:07,343 [INFO] PluginManager:220 - loadIPPluginJar : add extmemmanager
2024-07-01 18:39:07,343 [INFO] IPUIPlugin:80 - create IPUIPlugin
2024-07-01 18:39:07,343 [INFO] PluginManager:220 - loadIPPluginJar : add fatfs
2024-07-01 18:39:07,346 [INFO] IPUIPlugin:80 - create IPUIPlugin
2024-07-01 18:39:07,346 [INFO] PluginManager:220 - loadIPPluginJar : add fmc
2024-07-01 18:39:07,349 [INFO] IPUIPlugin:80 - create IPUIPlugin
2024-07-01 18:39:07,349 [INFO] PluginManager:220 - loadIPPluginJar : add freertos
2024-07-01 18:39:07,351 [INFO] IPUIPlugin:80 - create IPUIPlugin
2024-07-01 18:39:07,351 [INFO] PluginManager:220 - loadIPPluginJar : add genericplugin
2024-07-01 18:39:07,352 [INFO] IPUIPlugin:80 - create IPUIPlugin
2024-07-01 18:39:07,352 [INFO] PluginManager:220 - loadIPPluginJar : add gfxmmu
2024-07-01 18:39:07,355 [INFO] IPUIPlugin:80 - create IPUIPlugin
2024-07-01 18:39:07,355 [INFO] PluginManager:220 - loadIPPluginJar : add gic
2024-07-01 18:39:07,357 [INFO] IPUIPlugin:80 - create IPUIPlugin
2024-07-01 18:39:07,357 [INFO] PluginManager:220 - loadIPPluginJar : add gpio
2024-07-01 18:39:07,359 [INFO] IPUIPlugin:80 - create IPUIPlugin
2024-07-01 18:39:07,359 [INFO] PluginManager:220 - loadIPPluginJar : add gtzc
2024-07-01 18:39:07,360 [INFO] IPUIPlugin:80 - create IPUIPlugin
2024-07-01 18:39:07,360 [INFO] PluginManager:220 - loadIPPluginJar : add hash
2024-07-01 18:39:07,361 [INFO] IPUIPlugin:80 - create IPUIPlugin
2024-07-01 18:39:07,361 [INFO] PluginManager:220 - loadIPPluginJar : add i2c
2024-07-01 18:39:07,363 [INFO] IPUIPlugin:80 - create IPUIPlugin
2024-07-01 18:39:07,363 [INFO] PluginManager:220 - loadIPPluginJar : add i2s
2024-07-01 18:39:07,364 [INFO] IPUIPlugin:80 - create IPUIPlugin
2024-07-01 18:39:07,365 [INFO] PluginManager:220 - loadIPPluginJar : add i3c
2024-07-01 18:39:07,366 [INFO] IPUIPlugin:80 - create IPUIPlugin
2024-07-01 18:39:07,366 [INFO] PluginManager:220 - loadIPPluginJar : add ipddr
2024-07-01 18:39:07,371 [INFO] IPUIPlugin:80 - create IPUIPlugin
2024-07-01 18:39:07,371 [INFO] PluginManager:220 - loadIPPluginJar : add linkedlist
2024-07-01 18:39:07,373 [INFO] IPUIPlugin:80 - create IPUIPlugin
2024-07-01 18:39:07,373 [INFO] PluginManager:220 - loadIPPluginJar : add lorawan
2024-07-01 18:39:07,374 [INFO] IPUIPlugin:80 - create IPUIPlugin
2024-07-01 18:39:07,374 [INFO] PluginManager:220 - loadIPPluginJar : add ltdc
2024-07-01 18:39:07,378 [INFO] IPUIPlugin:80 - create IPUIPlugin
2024-07-01 18:39:07,378 [INFO] PluginManager:220 - loadIPPluginJar : add mdma
2024-07-01 18:39:07,379 [INFO] IPUIPlugin:80 - create IPUIPlugin
2024-07-01 18:39:07,379 [INFO] PluginManager:220 - loadIPPluginJar : add nvic
2024-07-01 18:39:07,381 [INFO] IPUIPlugin:80 - create IPUIPlugin
2024-07-01 18:39:07,381 [INFO] PluginManager:220 - loadIPPluginJar : add opamp
2024-07-01 18:39:07,383 [INFO] IPUIPlugin:80 - create IPUIPlugin
2024-07-01 18:39:07,383 [INFO] PluginManager:220 - loadIPPluginJar : add openamp
2024-07-01 18:39:07,386 [INFO] IPUIPlugin:80 - create IPUIPlugin
2024-07-01 18:39:07,386 [INFO] PluginManager:220 - loadIPPluginJar : add pdm2pcm
2024-07-01 18:39:07,390 [INFO] IPUIPlugin:80 - create IPUIPlugin
2024-07-01 18:39:07,391 [INFO] PluginManager:220 - loadIPPluginJar : add plateformsettings
2024-07-01 18:39:07,392 [INFO] IPUIPlugin:80 - create IPUIPlugin
2024-07-01 18:39:07,392 [INFO] PluginManager:220 - loadIPPluginJar : add quadspi
2024-07-01 18:39:07,395 [INFO] IPUIPlugin:80 - create IPUIPlugin
2024-07-01 18:39:07,395 [INFO] PluginManager:220 - loadIPPluginJar : add resmgrutility
2024-07-01 18:39:07,397 [INFO] IPUIPlugin:80 - create IPUIPlugin
2024-07-01 18:39:07,397 [INFO] PluginManager:220 - loadIPPluginJar : add sai
2024-07-01 18:39:07,399 [INFO] IPUIPlugin:80 - create IPUIPlugin
2024-07-01 18:39:07,399 [INFO] PluginManager:220 - loadIPPluginJar : add spi
2024-07-01 18:39:07,402 [INFO] IPUIPlugin:80 - create IPUIPlugin
2024-07-01 18:39:07,402 [INFO] PluginManager:220 - loadIPPluginJar : add stm32_wpan
2024-07-01 18:39:07,403 [INFO] IPUIPlugin:80 - create IPUIPlugin
2024-07-01 18:39:07,403 [INFO] PluginManager:220 - loadIPPluginJar : add tim
2024-07-01 18:39:07,406 [INFO] IPUIPlugin:80 - create IPUIPlugin
2024-07-01 18:39:07,406 [INFO] PluginManager:220 - loadIPPluginJar : add touchsensing
2024-07-01 18:39:07,407 [INFO] IPUIPlugin:80 - create IPUIPlugin
2024-07-01 18:39:07,407 [INFO] PluginManager:220 - loadIPPluginJar : add tracer_emb
2024-07-01 18:39:07,408 [INFO] IPUIPlugin:80 - create IPUIPlugin
2024-07-01 18:39:07,408 [INFO] PluginManager:220 - loadIPPluginJar : add ts
2024-07-01 18:39:07,409 [INFO] IPUIPlugin:80 - create IPUIPlugin
2024-07-01 18:39:07,409 [INFO] PluginManager:220 - loadIPPluginJar : add tsc
2024-07-01 18:39:07,410 [INFO] IPUIPlugin:80 - create IPUIPlugin
2024-07-01 18:39:07,410 [INFO] PluginManager:220 - loadIPPluginJar : add ucpd
2024-07-01 18:39:07,412 [INFO] IPUIPlugin:80 - create IPUIPlugin
2024-07-01 18:39:07,412 [INFO] PluginManager:220 - loadIPPluginJar : add usart
2024-07-01 18:39:07,415 [INFO] IPUIPlugin:80 - create IPUIPlugin
2024-07-01 18:39:07,415 [INFO] PluginManager:220 - loadIPPluginJar : add usbx
2024-07-01 18:39:07,523 [INFO] CADModel:165 - CPN selected for project level
2024-07-01 18:39:07,523 [INFO] CADModel:114 - Register for checkConnection events
2024-07-01 18:39:07,523 [FATAL] Updater:308 - Updater called before beeing initialized
2024-07-01 18:39:07,523 [ERROR] CADModel:125 - Updater not yet initialized, retry later 
2024-07-01 18:39:07,642 [INFO] CADModel:165 - CPN selected for project level
2024-07-01 18:39:07,642 [INFO] CADModel:114 - Register for checkConnection events
2024-07-01 18:39:07,642 [FATAL] Updater:308 - Updater called before beeing initialized
2024-07-01 18:39:07,642 [ERROR] CADModel:125 - Updater not yet initialized, retry later 
2024-07-01 18:39:07,644 [FATAL] Updater:308 - Updater called before beeing initialized
2024-07-01 18:39:07,721 [FATAL] Updater:308 - Updater called before beeing initialized
2024-07-01 18:39:07,725 [INFO] DbMcusAds:53 - JSON generation date=Thu May 16 18:22:00 JST 2024 (1715851320852)
2024-07-01 18:39:07,725 [FATAL] Updater:308 - Updater called before beeing initialized
2024-07-01 18:39:07,748 [WARN] DetailPanel:346 - Failed to get advertising image, set to default
2024-07-01 18:39:07,819 [FATAL] Updater:308 - Updater called before beeing initialized
2024-07-01 18:39:07,820 [FATAL] Updater:308 - Updater called before beeing initialized
2024-07-01 18:39:07,820 [FATAL] Updater:308 - Updater called before beeing initialized
2024-07-01 18:39:07,820 [WARN] DetailPanel:346 - Failed to get advertising image, set to default
2024-07-01 18:39:07,820 [FATAL] Updater:308 - Updater called before beeing initialized
2024-07-01 18:39:07,852 [ERROR] Updater:1120 - MainUpdater not yet initialized. External WinMGr cannot be set.
2024-07-01 18:39:07,854 [INFO] Updater:1056 - Updater Version found : 6.11.1
2024-07-01 18:39:07,866 [INFO] ApplicationProperties:184 - Using Application install path: C:\ST\STM32CubeIDE_1.15.1\STM32CubeIDE\plugins\com.st.stm32cube.common.mx_6.11.1.202404110753
2024-07-01 18:39:08,136 [INFO] MainUpdater:2873 - connection check result : 10
2024-07-01 18:39:08,137 [INFO] MainUpdater:290 - Updater Check For Update Now.
2024-07-01 18:39:08,137 [INFO] MicroXplorer:498 - Change Database Version : DB.6.0.111
2024-07-01 18:39:08,144 [INFO] McuFinderGlobals:63 - Set McuFinder mode to 2 (CubeIDE integrated)
2024-07-01 18:39:08,152 [INFO] UserAuth:415 - Internet connection configuration mode: 1
2024-07-01 18:39:08,186 [INFO] JxBrowserEngine:152 - Initiate JxBrowser Engine with user profile folder
2024-07-01 18:39:08,302 [INFO] CheckServerUpdateThread:120 - End of CheckServer Thread
2024-07-01 18:39:08,768 [INFO] WebApp:161 - Instantiating new browser for Auth
2024-07-01 18:39:09,148 [INFO] WebApp:779 - Register for checkConnection events
2024-07-01 18:39:09,148 [INFO] WebApp:414 - Apply proxy settings
2024-07-01 18:39:09,148 [INFO] WebApp:499 - Chromium requires no authentication
2024-07-01 18:39:09,152 [INFO] WebApp:442 - Direct internet connection detected
2024-07-01 18:39:09,251 [INFO] WebApp:192 - Starting web application
2024-07-01 18:39:09,251 [INFO] WebApp:544 - Web application path used C:\ST\STM32CubeIDE_1.15.1\STM32CubeIDE\plugins\com.st.stm32cube.common.mx_6.11.1.202404110753\db\plugins\mcufinder\reactClient1\index.html
2024-07-01 18:39:10,295 [WARN] PackLoader:240 - Cannot read IP mode file for STMicroelectronics.FP-SNS-MOTENVWB1.1.4.0
2024-07-01 18:39:10,304 [WARN] PackLoader:240 - Cannot read IP mode file for STMicroelectronics.X-CUBE-SMBUS.2.1.0
2024-07-01 18:39:10,326 [WARN] PackLoader:240 - Cannot read IP mode file for STMicroelectronics.X-CUBE-AZRTOS-F7.1.1.0
2024-07-01 18:39:10,335 [WARN] PackLoader:240 - Cannot read IP mode file for STMicroelectronics.FP-SNS-FLIGHT1.5.0.2
2024-07-01 18:39:10,344 [WARN] PackLoader:240 - Cannot read IP mode file for STMicroelectronics.X-CUBE-DISPLAY.3.0.0
2024-07-01 18:39:10,358 [WARN] PackLoader:240 - Cannot read IP mode file for STMicroelectronics.X-CUBE-BLE1.7.0.0
2024-07-01 18:39:10,365 [WARN] PackLoader:240 - Cannot read IP mode file for emotas.I-CUBE-CANOPEN.1.3.0
2024-07-01 18:39:10,377 [WARN] PackLoader:240 - Cannot read IP mode file for STMicroelectronics.X-CUBE-BLEMGR.3.1.0
2024-07-01 18:39:10,386 [WARN] PackLoader:240 - Cannot read IP mode file for STMicroelectronics.FP-SNS-SMARTAG2.1.2.0
2024-07-01 18:39:10,400 [INFO] LogOutputStream:77 - [STDOUT_REDIRECT] 1 : Invalid condition id : UX_CORESTACK_Condition cause : null
2024-07-01 18:39:10,401 [INFO] LogOutputStream:77 - [STDOUT_REDIRECT] 1 : Invalid condition id : UX_CORESTACK_Condition cause : null
2024-07-01 18:39:10,402 [INFO] LogOutputStream:77 - [STDOUT_REDIRECT] 1 : Invalid condition id : UX_CORESTACK_Condition cause : null
2024-07-01 18:39:10,404 [INFO] LogOutputStream:77 - [STDOUT_REDIRECT] 1 : Invalid condition id : UX_CORESTACK_Condition cause : null
2024-07-01 18:39:10,405 [INFO] LogOutputStream:77 - [STDOUT_REDIRECT] 1 : Invalid condition id : UX_CORESTACK_Condition cause : null
2024-07-01 18:39:10,411 [WARN] PackLoader:240 - Cannot read IP mode file for STMicroelectronics.X-CUBE-AZRTOS-WL.2.0.0
2024-07-01 18:39:10,417 [WARN] PackLoader:240 - Cannot read IP mode file for STMicroelectronics.FP-SNS-MOTENV1.5.0.0
2024-07-01 18:39:10,422 [WARN] PackLoader:240 - Cannot read IP mode file for wolfSSL.I-CUBE-wolfMQTT.1.19.0
2024-07-01 18:39:10,426 [WARN] PackLoader:240 - Cannot read IP mode file for STMicroelectronics.X-CUBE-BLE2.3.3.0
2024-07-01 18:39:10,431 [WARN] PackLoader:240 - Cannot read IP mode file for STMicroelectronics.X-CUBE-TCPP.4.1.0
2024-07-01 18:39:10,447 [WARN] PackLoader:240 - Cannot read IP mode file for STMicroelectronics.X-CUBE-AZRTOS-G0.1.1.0
2024-07-01 18:39:10,455 [WARN] PackLoader:240 - Cannot read IP mode file for STMicroelectronics.X-CUBE-SAFEA1.1.2.2
2024-07-01 18:39:10,460 [WARN] PackLoader:240 - Cannot read IP mode file for STMicroelectronics.X-CUBE-NFC4.3.0.0
2024-07-01 18:39:10,464 [WARN] PackLoader:240 - Cannot read IP mode file for wolfSSL.I-CUBE-wolfSSL.5.7.0
2024-07-01 18:39:10,466 [WARN] PackLoader:240 - Cannot read IP mode file for STMicroelectronics.FP-ATR-SIGFOX1.3.2.0
2024-07-01 18:39:10,472 [WARN] PackLoader:240 - Cannot read IP mode file for STMicroelectronics.X-CUBE-EEPRMA1.5.1.0
2024-07-01 18:39:10,477 [WARN] PackLoader:240 - Cannot read IP mode file for ITTIA_DB.I-CUBE-ITTIADB.8.9.0
2024-07-01 18:39:10,518 [WARN] PackLoader:240 - Cannot read IP mode file for SEGGER.I-CUBE-embOS.1.3.1
2024-07-01 18:39:10,543 [WARN] PackLoader:240 - Cannot read IP mode file for STMicroelectronics.X-CUBE-ALGOBUILD.1.4.0
2024-07-01 18:39:10,548 [WARN] PackLoader:240 - Cannot read IP mode file for STMicroelectronics.X-CUBE-GNSS1.6.0.0
2024-07-01 18:39:10,561 [WARN] PackLoader:240 - Cannot read IP mode file for STMicroelectronics.X-CUBE-AZRTOS-F4.1.1.0
2024-07-01 18:39:10,569 [WARN] PackLoader:240 - Cannot read IP mode file for STMicroelectronics.X-CUBE-FREERTOS.1.2.0
2024-07-01 18:39:10,581 [WARN] PackLoader:240 - Cannot read IP mode file for STMicroelectronics.X-CUBE-AZRTOS-L5.2.0.0
2024-07-01 18:39:10,590 [WARN] PackLoader:240 - Cannot read IP mode file for STMicroelectronics.X-CUBE-NFC6.3.1.0
2024-07-01 18:39:10,595 [WARN] PackLoader:240 - Cannot read IP mode file for STMicroelectronics.X-CUBE-AI.9.0.0
2024-07-01 18:39:10,600 [WARN] PackLoader:240 - Cannot read IP mode file for STMicroelectronics.X-CUBE-NFC7.1.0.1
2024-07-01 18:39:10,611 [WARN] ConditionMgr:438 - getConditionDescription Invalid condition id : LAN8742 Phy interface Condition cause : null
2024-07-01 18:39:10,611 [WARN] PackLoader:240 - Cannot read IP mode file for STMicroelectronics.X-CUBE-AZRTOS-L4.2.0.0
2024-07-01 18:39:10,612 [WARN] ConditionMgr:1039 - genDependencies : Invalid condition id : LAN8742 Phy interface Condition cause : null
2024-07-01 18:39:10,612 [WARN] ConditionMgr:1039 - genDependencies : Invalid condition id : LAN8742 Phy interface Condition cause : null
2024-07-01 18:39:10,613 [WARN] ConditionMgr:1039 - genDependencies : Invalid condition id : LAN8742 Phy interface Condition cause : null
2024-07-01 18:39:10,617 [WARN] PackLoader:240 - Cannot read IP mode file for STMicroelectronics.X-CUBE-SFXS2LP1.4.0.0
2024-07-01 18:39:10,625 [WARN] ConditionMgr:438 - getConditionDescription Invalid condition id : UX DEVICE CLASS RTOS Condition cause : null
2024-07-01 18:39:10,625 [WARN] ConditionMgr:438 - getConditionDescription Invalid condition id : UX DEVICE CLASS RTOS Condition cause : null
2024-07-01 18:39:10,627 [WARN] PackLoader:240 - Cannot read IP mode file for STMicroelectronics.X-CUBE-AZRTOS-WB.2.0.0
2024-07-01 18:39:10,627 [WARN] ConditionMgr:1039 - genDependencies : Invalid condition id : UX DEVICE CLASS RTOS Condition cause : null
2024-07-01 18:39:10,628 [WARN] ConditionMgr:1039 - genDependencies : Invalid condition id : UX DEVICE CLASS RTOS Condition cause : null
2024-07-01 18:39:10,628 [WARN] ConditionMgr:1039 - genDependencies : Invalid condition id : UX DEVICE CLASS RTOS Condition cause : null
2024-07-01 18:39:10,628 [WARN] ConditionMgr:1039 - genDependencies : Invalid condition id : UX DEVICE CLASS RTOS Condition cause : null
2024-07-01 18:39:10,628 [WARN] ConditionMgr:1039 - genDependencies : Invalid condition id : UX DEVICE CLASS RTOS Condition cause : null
2024-07-01 18:39:10,633 [WARN] PackLoader:240 - Cannot read IP mode file for STMicroelectronics.X-CUBE-FREERTOS.1.0.1
2024-07-01 18:39:10,726 [WARN] PackLoader:240 - Cannot read IP mode file for STMicroelectronics.X-CUBE-SUBG2.5.0.0
2024-07-01 18:39:10,732 [WARN] PackLoader:240 - Cannot read IP mode file for Cesanta.I-CUBE-Mongoose.7.13.0
2024-07-01 18:39:10,740 [WARN] PackLoader:240 - Cannot read IP mode file for STMicroelectronics.X-CUBE-AZRTOS-G4.2.0.0
2024-07-01 18:39:10,744 [WARN] PackLoader:240 - Cannot read IP mode file for STMicroelectronics.X-CUBE-ISPU.2.0.0
2024-07-01 18:39:10,747 [WARN] PackLoader:240 - Cannot read IP mode file for STMicroelectronics.X-CUBE-ALS.1.0.2
2024-07-01 18:39:10,770 [WARN] PackLoader:240 - Cannot read IP mode file for STMicroelectronics.X-CUBE-MEMS1.10.0.0
2024-07-01 18:39:10,842 [WARN] PackLoader:240 - Cannot read IP mode file for STMicroelectronics.X-CUBE-TOUCHGFX.4.24.0
2024-07-01 18:39:10,876 [WARN] PackLoader:240 - Cannot read IP mode file for portGmbH.I-Cube-SoM-uGOAL.1.1.0
2024-07-01 18:39:10,887 [WARN] PackLoader:240 - Cannot read IP mode file for STMicroelectronics.X-CUBE-AZRTOS-H7RS.1.0.0
2024-07-01 18:39:10,893 [WARN] PackLoader:240 - Cannot read IP mode file for STMicroelectronics.FP-ATR-ASTRA1.2.0.0
2024-07-01 18:39:10,899 [WARN] PackLoader:240 - Cannot read IP mode file for STMicroelectronics.X-CUBE-TOF1.3.4.1
2024-07-01 18:39:10,918 [WARN] PackLoader:240 - Cannot read IP mode file for STMicroelectronics.X-CUBE-AZRTOS-H7.3.2.0
2024-07-01 18:39:10,928 [WARN] PackLoader:240 - Cannot read IP mode file for Infineon.AIROC-Wi-Fi-Bluetooth-STM32.1.6.0
2024-07-01 18:39:10,931 [INFO] ThirdParty:978 - Integrity check success = true
2024-07-01 18:39:10,931 [INFO] IntegrityCheckThread:100 - exiting critical section [integrity check]
2024-07-01 18:39:10,931 [INFO] IntegrityCheckThread:103 - End integrity checks thread
2024-07-01 18:39:14,926 [ERROR] LogOutputStream:75 - [STDERR_REDIRECT] 
2024-07-01 18:53:23,236 [INFO] Activator:176 - 


2024-07-01 18:53:23,237 [INFO] Activator:177 - !SESSION log4j initialized
2024-07-01 18:53:27,460 [INFO] LogOutputStream:77 - [STDOUT_REDIRECT] 
2024-07-01 18:53:34,931 [INFO] ApplicationProperties:184 - Using Application install path: C:\ST\STM32CubeIDE_1.15.1\STM32CubeIDE\plugins\com.st.stm32cube.common.mx_6.11.1.202404110753
2024-07-01 18:53:34,941 [INFO] DbMcusXml:78 - Set database path to: C:\ST\STM32CubeIDE_1.15.1\STM32CubeIDE\plugins\com.st.stm32cube.common.mx_6.11.1.202404110753\\db\/mcu/
2024-07-01 18:53:34,942 [INFO] ApiDb:274 - Set plugin database path to: C:\ST\STM32CubeIDE_1.15.1\STM32CubeIDE\plugins\com.st.stm32cube.common.mx_6.11.1.202404110753\\db\/plugins/boardmanager/
2024-07-01 18:53:34,942 [WARN] ApiDb:259 - Overriding images path with different value:  => C:\ST\STM32CubeIDE_1.15.1\STM32CubeIDE\plugins\com.st.stm32cube.common.mx_6.11.1.202404110753\\db\/plugins/mcufinder/images/
2024-07-01 18:53:34,947 [INFO] ApiDb:250 - Set database path to: C:\Users\shun\.stmcufinder\plugins\mcufinder//mcu/
2024-07-01 18:53:34,948 [INFO] DbMcusAds:125 - Set database path to: C:\Users\shun\.stmcufinder\plugins\mcufinder//mcu/
2024-07-01 18:53:34,949 [INFO] CrossReferenceDbSqlite:203 - Set database path to: C:\Users\shun\.stmcufinder\plugins\mcufinder//mcu/cs/
2024-07-01 18:53:35,031 [INFO] RulesReader:64 - Compatibility file has been processed (297 Rules)
2024-07-01 18:53:35,120 [INFO] DbMcusXml:78 - Set database path to: C:\ST\STM32CubeIDE_1.15.1\STM32CubeIDE\plugins\com.st.stm32cube.common.mx_6.11.1.202404110753\\db\/mcu/
2024-07-01 18:53:35,120 [INFO] ApiDb:274 - Set plugin database path to: C:\ST\STM32CubeIDE_1.15.1\STM32CubeIDE\plugins\com.st.stm32cube.common.mx_6.11.1.202404110753\\db\/plugins/boardmanager/
2024-07-01 18:53:35,120 [INFO] ApiDb:261 - Set plugin images path to: C:\ST\STM32CubeIDE_1.15.1\STM32CubeIDE\plugins\com.st.stm32cube.common.mx_6.11.1.202404110753\\db\/plugins/mcufinder/images/
2024-07-01 18:53:35,120 [WARN] DbFile:41 - Overriding database path with different value: C:\Users\shun\.stmcufinder\plugins\mcufinder/ => C:\Users\shun\.stmcufinder\plugins\mcufinder
2024-07-01 18:53:35,120 [INFO] ApiDb:250 - Set database path to: C:\Users\shun\.stmcufinder\plugins\mcufinder//mcu/
2024-07-01 18:53:35,120 [WARN] DbFile:41 - Overriding database path with different value: C:\Users\shun\.stmcufinder\plugins\mcufinder/ => C:\Users\shun\.stmcufinder\plugins\mcufinder
2024-07-01 18:53:35,120 [INFO] DbMcusAds:125 - Set database path to: C:\Users\shun\.stmcufinder\plugins\mcufinder//mcu/
2024-07-01 18:53:35,120 [WARN] DbFile:41 - Overriding database path with different value: C:\Users\shun\.stmcufinder\plugins\mcufinder/ => C:\Users\shun\.stmcufinder\plugins\mcufinder
2024-07-01 18:53:35,120 [WARN] DbFile:41 - Overriding database path with different value: C:\Users\shun\.stmcufinder\plugins\mcufinder/ => C:\Users\shun\.stmcufinder\plugins\mcufinder
2024-07-01 18:53:35,120 [INFO] CrossReferenceDbSqlite:203 - Set database path to: C:\Users\shun\.stmcufinder\plugins\mcufinder//mcu/cs/
2024-07-01 18:53:35,174 [INFO] MainPanel:264 - HeapMemory: 268435456
2024-07-01 18:53:35,229 [INFO] DbMcusXml:78 - Set database path to: C:\ST\STM32CubeIDE_1.15.1\STM32CubeIDE\plugins\com.st.stm32cube.common.mx_6.11.1.202404110753\\db\/mcu/
2024-07-01 18:53:35,229 [INFO] ApiDb:274 - Set plugin database path to: C:\ST\STM32CubeIDE_1.15.1\STM32CubeIDE\plugins\com.st.stm32cube.common.mx_6.11.1.202404110753\\db\/plugins/boardmanager/
2024-07-01 18:53:35,229 [INFO] ApiDb:261 - Set plugin images path to: C:\ST\STM32CubeIDE_1.15.1\STM32CubeIDE\plugins\com.st.stm32cube.common.mx_6.11.1.202404110753\\db\/plugins/mcufinder/images/
2024-07-01 18:53:35,229 [WARN] DbFile:41 - Overriding database path with different value: C:\Users\shun\.stmcufinder\plugins\mcufinder/ => C:\Users\shun\.stmcufinder\plugins\mcufinder
2024-07-01 18:53:35,229 [INFO] ApiDb:250 - Set database path to: C:\Users\shun\.stmcufinder\plugins\mcufinder//mcu/
2024-07-01 18:53:35,229 [WARN] DbFile:41 - Overriding database path with different value: C:\Users\shun\.stmcufinder\plugins\mcufinder/ => C:\Users\shun\.stmcufinder\plugins\mcufinder
2024-07-01 18:53:35,229 [INFO] DbMcusAds:125 - Set database path to: C:\Users\shun\.stmcufinder\plugins\mcufinder//mcu/
2024-07-01 18:53:35,230 [WARN] DbFile:41 - Overriding database path with different value: C:\Users\shun\.stmcufinder\plugins\mcufinder/ => C:\Users\shun\.stmcufinder\plugins\mcufinder
2024-07-01 18:53:35,230 [WARN] DbFile:41 - Overriding database path with different value: C:\Users\shun\.stmcufinder\plugins\mcufinder/ => C:\Users\shun\.stmcufinder\plugins\mcufinder
2024-07-01 18:53:35,230 [INFO] CrossReferenceDbSqlite:203 - Set database path to: C:\Users\shun\.stmcufinder\plugins\mcufinder//mcu/cs/
2024-07-01 18:53:35,242 [INFO] ApplicationProperties:184 - Using Application install path: C:\ST\STM32CubeIDE_1.15.1\STM32CubeIDE\plugins\com.st.stm32cube.common.mx_6.11.1.202404110753
2024-07-01 18:53:35,243 [INFO] PluginManage:196 - Search for loadable plugins [exclusion list=, ]
2024-07-01 18:53:35,244 [INFO] PluginManage:310 - Check plugin analytics
2024-07-01 18:53:35,406 [INFO] AnalyticsPlugin:253 - Accepted Software Licenses: STM32CubeMX.6.11.1
2024-07-01 18:53:35,406 [INFO] AnalyticsPlugin:255 - Accepted CMSIS Pack Licenses: STMicroelectronics.X-CUBE-FREERTOS.1.0.1,STMicroelectronics.X-CUBE-TOUCHGFX.4.24.0
2024-07-01 18:53:35,407 [INFO] AnalyticsPlugin:257 - Accepted Firmware Licenses: FW.U5.1.5.0
2024-07-01 18:53:35,409 [INFO] PluginManage:359 - Loaded plugin analytics (category:tool,tabindex:-1)
2024-07-01 18:53:35,410 [INFO] PluginManage:310 - Check plugin cadmodel
2024-07-01 18:53:35,414 [INFO] CADModel:105 - Init CAD model plugin
2024-07-01 18:53:35,415 [INFO] PluginManage:359 - Loaded plugin cadmodel (category:power,tabindex:5)
2024-07-01 18:53:35,415 [INFO] PluginManage:310 - Check plugin clock
2024-07-01 18:53:35,423 [INFO] PluginManage:359 - Loaded plugin clock (category:base,tabindex:2)
2024-07-01 18:53:35,424 [INFO] PluginManage:310 - Check plugin ddr
2024-07-01 18:53:35,426 [INFO] PluginManage:359 - Loaded plugin ddr (category:tool,tabindex:6)
2024-07-01 18:53:35,426 [INFO] PluginManage:310 - Check plugin filemanager
2024-07-01 18:53:35,536 [INFO] PluginManage:359 - Loaded plugin filemanager (category:base,tabindex:10)
2024-07-01 18:53:35,536 [INFO] PluginManage:310 - Check plugin ipmanager
2024-07-01 18:53:35,541 [INFO] PluginManage:359 - Loaded plugin ipmanager (category:base,tabindex:5)
2024-07-01 18:53:35,542 [INFO] PluginManage:310 - Check plugin lpbam
2024-07-01 18:53:35,548 [INFO] PluginManage:359 - Loaded plugin lpbam (category:base,tabindex:0)
2024-07-01 18:53:35,548 [INFO] PluginManage:310 - Check plugin memorymap
2024-07-01 18:53:35,565 [INFO] PluginManage:359 - Loaded plugin memorymap (category:base,tabindex:4)
2024-07-01 18:53:35,565 [INFO] PluginManage:310 - Check plugin pinoutandconfiguration
2024-07-01 18:53:35,570 [INFO] PluginManage:359 - Loaded plugin pinoutandconfiguration (category:base,tabindex:1)
2024-07-01 18:53:35,570 [INFO] PluginManage:310 - Check plugin pinoutconfig
2024-07-01 18:53:35,674 [WARN] SupportedApi:132 - Cannot load RTOS API schema: s4s-elt-must-match.1: The content of 'definitions' must match (annotation?, (simpleType | complexType)?, (unique | key | keyref)*)). A problem was found starting at: attribute.
2024-07-01 18:53:35,780 [INFO] PluginManage:359 - Loaded plugin pinoutconfig (category:base,tabindex:0)
2024-07-01 18:53:35,780 [INFO] PluginManage:310 - Check plugin power
2024-07-01 18:53:35,789 [INFO] PluginManage:359 - Loaded plugin power (category:power,tabindex:4)
2024-07-01 18:53:35,789 [INFO] PluginManage:310 - Check plugin projectmanager
2024-07-01 18:53:35,801 [INFO] PluginManage:359 - Loaded plugin projectmanager (category:projectmanager,tabindex:3)
2024-07-01 18:53:35,801 [INFO] PluginManage:310 - Check plugin thirdparty
2024-07-01 18:53:35,894 [WARN] IntegrityCheckThread:84 - waiting for thirdparty lock release [integrity check]
2024-07-01 18:53:35,895 [INFO] IntegrityCheckThread:86 - entering critical section [integrity check]
2024-07-01 18:53:35,895 [INFO] PluginManage:359 - Loaded plugin thirdparty (category:base,tabindex:-1)
2024-07-01 18:53:35,895 [INFO] PluginManage:310 - Check plugin tools
2024-07-01 18:53:35,895 [INFO] ThirdPartyUpdaterWithRetryManager:70 - Updater plugin not ready yet. [1/15]
2024-07-01 18:53:35,899 [INFO] PluginManage:359 - Loaded plugin tools (category:base,tabindex:7)
2024-07-01 18:53:35,900 [INFO] PluginManage:310 - Check plugin tutovideos
2024-07-01 18:53:36,021 [INFO] PluginManage:359 - Loaded plugin tutovideos (category:base,tabindex:-1)
2024-07-01 18:53:36,021 [INFO] PluginManage:310 - Check plugin updater
2024-07-01 18:53:36,030 [INFO] PluginManage:359 - Loaded plugin updater (category:base,tabindex:12)
2024-07-01 18:53:36,030 [INFO] PluginManage:310 - Check plugin userauth
2024-07-01 18:53:36,034 [INFO] UserAuth:114 - Init User Auth plugin
2024-07-01 18:53:36,034 [INFO] PluginManage:359 - Loaded plugin userauth (category:base,tabindex:14)
2024-07-01 18:53:36,035 [INFO] PluginManage:283 - PluginManage : Loaded plugins [17]
2024-07-01 18:53:36,175 [INFO] PinOutPanel:1561 - setPackage(No Configuration,No Configuration)
2024-07-01 18:53:36,222 [INFO] CADModel:165 - CPN selected for project level
2024-07-01 18:53:36,222 [INFO] CADModel:114 - Register for checkConnection events
2024-07-01 18:53:36,233 [INFO] IPUIPlugin:80 - create IPUIPlugin
2024-07-01 18:53:36,233 [INFO] PluginManager:220 - loadIPPluginJar : add adc
2024-07-01 18:53:36,235 [INFO] IPUIPlugin:80 - create IPUIPlugin
2024-07-01 18:53:36,235 [INFO] PluginManager:220 - loadIPPluginJar : add aes
2024-07-01 18:53:36,237 [INFO] IPUIPlugin:80 - create IPUIPlugin
2024-07-01 18:53:36,237 [INFO] PluginManager:220 - loadIPPluginJar : add can
2024-07-01 18:53:36,238 [INFO] IPUIPlugin:80 - create IPUIPlugin
2024-07-01 18:53:36,238 [INFO] PluginManager:220 - loadIPPluginJar : add comp
2024-07-01 18:53:36,239 [INFO] IPUIPlugin:80 - create IPUIPlugin
2024-07-01 18:53:36,239 [INFO] PluginManager:220 - loadIPPluginJar : add cryp
2024-07-01 18:53:36,241 [INFO] IPUIPlugin:80 - create IPUIPlugin
2024-07-01 18:53:36,241 [INFO] PluginManager:220 - loadIPPluginJar : add dfsdm
2024-07-01 18:53:36,244 [INFO] IPUIPlugin:80 - create IPUIPlugin
2024-07-01 18:53:36,244 [INFO] PluginManager:220 - loadIPPluginJar : add dma
2024-07-01 18:53:36,246 [INFO] IPUIPlugin:80 - create IPUIPlugin
2024-07-01 18:53:36,246 [INFO] PluginManager:220 - loadIPPluginJar : add dma3
2024-07-01 18:53:36,247 [INFO] IPUIPlugin:80 - create IPUIPlugin
2024-07-01 18:53:36,247 [INFO] PluginManager:220 - loadIPPluginJar : add extmemmanager
2024-07-01 18:53:36,248 [INFO] IPUIPlugin:80 - create IPUIPlugin
2024-07-01 18:53:36,248 [INFO] PluginManager:220 - loadIPPluginJar : add fatfs
2024-07-01 18:53:36,250 [INFO] IPUIPlugin:80 - create IPUIPlugin
2024-07-01 18:53:36,250 [INFO] PluginManager:220 - loadIPPluginJar : add fmc
2024-07-01 18:53:36,253 [INFO] IPUIPlugin:80 - create IPUIPlugin
2024-07-01 18:53:36,253 [INFO] PluginManager:220 - loadIPPluginJar : add freertos
2024-07-01 18:53:36,254 [INFO] IPUIPlugin:80 - create IPUIPlugin
2024-07-01 18:53:36,254 [INFO] PluginManager:220 - loadIPPluginJar : add genericplugin
2024-07-01 18:53:36,257 [INFO] IPUIPlugin:80 - create IPUIPlugin
2024-07-01 18:53:36,257 [INFO] PluginManager:220 - loadIPPluginJar : add gfxmmu
2024-07-01 18:53:36,260 [INFO] IPUIPlugin:80 - create IPUIPlugin
2024-07-01 18:53:36,260 [INFO] PluginManager:220 - loadIPPluginJar : add gic
2024-07-01 18:53:36,262 [INFO] IPUIPlugin:80 - create IPUIPlugin
2024-07-01 18:53:36,263 [INFO] PluginManager:220 - loadIPPluginJar : add gpio
2024-07-01 18:53:36,264 [INFO] IPUIPlugin:80 - create IPUIPlugin
2024-07-01 18:53:36,264 [INFO] PluginManager:220 - loadIPPluginJar : add gtzc
2024-07-01 18:53:36,266 [INFO] IPUIPlugin:80 - create IPUIPlugin
2024-07-01 18:53:36,266 [INFO] PluginManager:220 - loadIPPluginJar : add hash
2024-07-01 18:53:36,268 [INFO] IPUIPlugin:80 - create IPUIPlugin
2024-07-01 18:53:36,268 [INFO] PluginManager:220 - loadIPPluginJar : add i2c
2024-07-01 18:53:36,269 [INFO] IPUIPlugin:80 - create IPUIPlugin
2024-07-01 18:53:36,269 [INFO] PluginManager:220 - loadIPPluginJar : add i2s
2024-07-01 18:53:36,271 [INFO] IPUIPlugin:80 - create IPUIPlugin
2024-07-01 18:53:36,271 [INFO] PluginManager:220 - loadIPPluginJar : add i3c
2024-07-01 18:53:36,273 [INFO] IPUIPlugin:80 - create IPUIPlugin
2024-07-01 18:53:36,273 [INFO] PluginManager:220 - loadIPPluginJar : add ipddr
2024-07-01 18:53:36,278 [INFO] IPUIPlugin:80 - create IPUIPlugin
2024-07-01 18:53:36,278 [INFO] PluginManager:220 - loadIPPluginJar : add linkedlist
2024-07-01 18:53:36,279 [INFO] IPUIPlugin:80 - create IPUIPlugin
2024-07-01 18:53:36,280 [INFO] PluginManager:220 - loadIPPluginJar : add lorawan
2024-07-01 18:53:36,280 [INFO] IPUIPlugin:80 - create IPUIPlugin
2024-07-01 18:53:36,280 [INFO] PluginManager:220 - loadIPPluginJar : add ltdc
2024-07-01 18:53:36,285 [INFO] IPUIPlugin:80 - create IPUIPlugin
2024-07-01 18:53:36,285 [INFO] PluginManager:220 - loadIPPluginJar : add mdma
2024-07-01 18:53:36,287 [INFO] IPUIPlugin:80 - create IPUIPlugin
2024-07-01 18:53:36,287 [INFO] PluginManager:220 - loadIPPluginJar : add nvic
2024-07-01 18:53:36,288 [INFO] IPUIPlugin:80 - create IPUIPlugin
2024-07-01 18:53:36,288 [INFO] PluginManager:220 - loadIPPluginJar : add opamp
2024-07-01 18:53:36,290 [INFO] IPUIPlugin:80 - create IPUIPlugin
2024-07-01 18:53:36,290 [INFO] PluginManager:220 - loadIPPluginJar : add openamp
2024-07-01 18:53:36,292 [INFO] IPUIPlugin:80 - create IPUIPlugin
2024-07-01 18:53:36,292 [INFO] PluginManager:220 - loadIPPluginJar : add pdm2pcm
2024-07-01 18:53:36,295 [INFO] IPUIPlugin:80 - create IPUIPlugin
2024-07-01 18:53:36,297 [INFO] PluginManager:220 - loadIPPluginJar : add plateformsettings
2024-07-01 18:53:36,297 [INFO] IPUIPlugin:80 - create IPUIPlugin
2024-07-01 18:53:36,297 [INFO] PluginManager:220 - loadIPPluginJar : add quadspi
2024-07-01 18:53:36,299 [INFO] IPUIPlugin:80 - create IPUIPlugin
2024-07-01 18:53:36,299 [INFO] PluginManager:220 - loadIPPluginJar : add resmgrutility
2024-07-01 18:53:36,301 [INFO] IPUIPlugin:80 - create IPUIPlugin
2024-07-01 18:53:36,301 [INFO] PluginManager:220 - loadIPPluginJar : add sai
2024-07-01 18:53:36,302 [INFO] IPUIPlugin:80 - create IPUIPlugin
2024-07-01 18:53:36,302 [INFO] PluginManager:220 - loadIPPluginJar : add spi
2024-07-01 18:53:36,305 [INFO] IPUIPlugin:80 - create IPUIPlugin
2024-07-01 18:53:36,305 [INFO] PluginManager:220 - loadIPPluginJar : add stm32_wpan
2024-07-01 18:53:36,306 [INFO] IPUIPlugin:80 - create IPUIPlugin
2024-07-01 18:53:36,306 [INFO] PluginManager:220 - loadIPPluginJar : add tim
2024-07-01 18:53:36,308 [INFO] IPUIPlugin:80 - create IPUIPlugin
2024-07-01 18:53:36,308 [INFO] PluginManager:220 - loadIPPluginJar : add touchsensing
2024-07-01 18:53:36,309 [INFO] IPUIPlugin:80 - create IPUIPlugin
2024-07-01 18:53:36,309 [INFO] PluginManager:220 - loadIPPluginJar : add tracer_emb
2024-07-01 18:53:36,310 [INFO] IPUIPlugin:80 - create IPUIPlugin
2024-07-01 18:53:36,310 [INFO] PluginManager:220 - loadIPPluginJar : add ts
2024-07-01 18:53:36,311 [INFO] IPUIPlugin:80 - create IPUIPlugin
2024-07-01 18:53:36,311 [INFO] PluginManager:220 - loadIPPluginJar : add tsc
2024-07-01 18:53:36,312 [INFO] IPUIPlugin:80 - create IPUIPlugin
2024-07-01 18:53:36,312 [INFO] PluginManager:220 - loadIPPluginJar : add ucpd
2024-07-01 18:53:36,314 [INFO] IPUIPlugin:80 - create IPUIPlugin
2024-07-01 18:53:36,314 [INFO] PluginManager:220 - loadIPPluginJar : add usart
2024-07-01 18:53:36,316 [INFO] IPUIPlugin:80 - create IPUIPlugin
2024-07-01 18:53:36,316 [INFO] PluginManager:220 - loadIPPluginJar : add usbx
2024-07-01 18:53:36,425 [INFO] CADModel:165 - CPN selected for project level
2024-07-01 18:53:36,425 [INFO] CADModel:114 - Register for checkConnection events
2024-07-01 18:53:36,425 [FATAL] Updater:308 - Updater called before beeing initialized
2024-07-01 18:53:36,425 [ERROR] CADModel:125 - Updater not yet initialized, retry later 
2024-07-01 18:53:36,549 [INFO] CADModel:165 - CPN selected for project level
2024-07-01 18:53:36,549 [INFO] CADModel:114 - Register for checkConnection events
2024-07-01 18:53:36,549 [FATAL] Updater:308 - Updater called before beeing initialized
2024-07-01 18:53:36,549 [ERROR] CADModel:125 - Updater not yet initialized, retry later 
2024-07-01 18:53:36,551 [FATAL] Updater:308 - Updater called before beeing initialized
2024-07-01 18:53:36,632 [FATAL] Updater:308 - Updater called before beeing initialized
2024-07-01 18:53:36,636 [INFO] DbMcusAds:53 - JSON generation date=Thu May 16 18:22:00 JST 2024 (1715851320852)
2024-07-01 18:53:36,636 [FATAL] Updater:308 - Updater called before beeing initialized
2024-07-01 18:53:36,660 [WARN] DetailPanel:346 - Failed to get advertising image, set to default
2024-07-01 18:53:36,735 [FATAL] Updater:308 - Updater called before beeing initialized
2024-07-01 18:53:36,736 [FATAL] Updater:308 - Updater called before beeing initialized
2024-07-01 18:53:36,737 [FATAL] Updater:308 - Updater called before beeing initialized
2024-07-01 18:53:36,737 [WARN] DetailPanel:346 - Failed to get advertising image, set to default
2024-07-01 18:53:36,737 [FATAL] Updater:308 - Updater called before beeing initialized
2024-07-01 18:53:36,775 [ERROR] Updater:1120 - MainUpdater not yet initialized. External WinMGr cannot be set.
2024-07-01 18:53:36,776 [INFO] Updater:1056 - Updater Version found : 6.11.1
2024-07-01 18:53:36,788 [INFO] ApplicationProperties:184 - Using Application install path: C:\ST\STM32CubeIDE_1.15.1\STM32CubeIDE\plugins\com.st.stm32cube.common.mx_6.11.1.202404110753
2024-07-01 18:53:37,042 [INFO] MainUpdater:2873 - connection check result : 10
2024-07-01 18:53:37,042 [INFO] MainUpdater:290 - Updater Check For Update Now.
2024-07-01 18:53:37,042 [INFO] MicroXplorer:498 - Change Database Version : DB.6.0.111
2024-07-01 18:53:37,049 [INFO] McuFinderGlobals:63 - Set McuFinder mode to 2 (CubeIDE integrated)
2024-07-01 18:53:37,056 [INFO] UserAuth:415 - Internet connection configuration mode: 1
2024-07-01 18:53:37,088 [INFO] JxBrowserEngine:152 - Initiate JxBrowser Engine with user profile folder
2024-07-01 18:53:37,212 [INFO] CheckServerUpdateThread:120 - End of CheckServer Thread
2024-07-01 18:53:37,677 [INFO] WebApp:161 - Instantiating new browser for Auth
2024-07-01 18:53:38,057 [INFO] WebApp:779 - Register for checkConnection events
2024-07-01 18:53:38,057 [INFO] WebApp:414 - Apply proxy settings
2024-07-01 18:53:38,058 [INFO] WebApp:499 - Chromium requires no authentication
2024-07-01 18:53:38,063 [INFO] WebApp:442 - Direct internet connection detected
2024-07-01 18:53:38,169 [INFO] WebApp:192 - Starting web application
2024-07-01 18:53:38,169 [INFO] WebApp:544 - Web application path used C:\ST\STM32CubeIDE_1.15.1\STM32CubeIDE\plugins\com.st.stm32cube.common.mx_6.11.1.202404110753\db\plugins\mcufinder\reactClient1\index.html
2024-07-01 18:53:39,021 [WARN] PackLoader:240 - Cannot read IP mode file for STMicroelectronics.FP-SNS-MOTENVWB1.1.4.0
2024-07-01 18:53:39,031 [WARN] PackLoader:240 - Cannot read IP mode file for STMicroelectronics.X-CUBE-SMBUS.2.1.0
2024-07-01 18:53:39,050 [WARN] PackLoader:240 - Cannot read IP mode file for STMicroelectronics.X-CUBE-AZRTOS-F7.1.1.0
2024-07-01 18:53:39,059 [WARN] PackLoader:240 - Cannot read IP mode file for STMicroelectronics.FP-SNS-FLIGHT1.5.0.2
2024-07-01 18:53:39,067 [WARN] PackLoader:240 - Cannot read IP mode file for STMicroelectronics.X-CUBE-DISPLAY.3.0.0
2024-07-01 18:53:39,083 [WARN] PackLoader:240 - Cannot read IP mode file for STMicroelectronics.X-CUBE-BLE1.7.0.0
2024-07-01 18:53:39,088 [WARN] PackLoader:240 - Cannot read IP mode file for emotas.I-CUBE-CANOPEN.1.3.0
2024-07-01 18:53:39,099 [WARN] PackLoader:240 - Cannot read IP mode file for STMicroelectronics.X-CUBE-BLEMGR.3.1.0
2024-07-01 18:53:39,105 [WARN] PackLoader:240 - Cannot read IP mode file for STMicroelectronics.FP-SNS-SMARTAG2.1.2.0
2024-07-01 18:53:39,116 [INFO] LogOutputStream:77 - [STDOUT_REDIRECT] 1 : Invalid condition id : UX_CORESTACK_Condition cause : null
2024-07-01 18:53:39,117 [INFO] LogOutputStream:77 - [STDOUT_REDIRECT] 1 : Invalid condition id : UX_CORESTACK_Condition cause : null
2024-07-01 18:53:39,118 [INFO] LogOutputStream:77 - [STDOUT_REDIRECT] 1 : Invalid condition id : UX_CORESTACK_Condition cause : null
2024-07-01 18:53:39,120 [INFO] LogOutputStream:77 - [STDOUT_REDIRECT] 1 : Invalid condition id : UX_CORESTACK_Condition cause : null
2024-07-01 18:53:39,121 [INFO] LogOutputStream:77 - [STDOUT_REDIRECT] 1 : Invalid condition id : UX_CORESTACK_Condition cause : null
2024-07-01 18:53:39,125 [WARN] PackLoader:240 - Cannot read IP mode file for STMicroelectronics.X-CUBE-AZRTOS-WL.2.0.0
2024-07-01 18:53:39,130 [WARN] PackLoader:240 - Cannot read IP mode file for STMicroelectronics.FP-SNS-MOTENV1.5.0.0
2024-07-01 18:53:39,133 [WARN] PackLoader:240 - Cannot read IP mode file for wolfSSL.I-CUBE-wolfMQTT.1.19.0
2024-07-01 18:53:39,137 [WARN] PackLoader:240 - Cannot read IP mode file for STMicroelectronics.X-CUBE-BLE2.3.3.0
2024-07-01 18:53:39,142 [WARN] PackLoader:240 - Cannot read IP mode file for STMicroelectronics.X-CUBE-TCPP.4.1.0
2024-07-01 18:53:39,162 [WARN] PackLoader:240 - Cannot read IP mode file for STMicroelectronics.X-CUBE-AZRTOS-G0.1.1.0
2024-07-01 18:53:39,169 [WARN] PackLoader:240 - Cannot read IP mode file for STMicroelectronics.X-CUBE-SAFEA1.1.2.2
2024-07-01 18:53:39,175 [WARN] PackLoader:240 - Cannot read IP mode file for STMicroelectronics.X-CUBE-NFC4.3.0.0
2024-07-01 18:53:39,180 [WARN] PackLoader:240 - Cannot read IP mode file for wolfSSL.I-CUBE-wolfSSL.5.7.0
2024-07-01 18:53:39,182 [WARN] PackLoader:240 - Cannot read IP mode file for STMicroelectronics.FP-ATR-SIGFOX1.3.2.0
2024-07-01 18:53:39,186 [WARN] PackLoader:240 - Cannot read IP mode file for STMicroelectronics.X-CUBE-EEPRMA1.5.1.0
2024-07-01 18:53:39,192 [WARN] PackLoader:240 - Cannot read IP mode file for ITTIA_DB.I-CUBE-ITTIADB.8.9.0
2024-07-01 18:53:39,238 [WARN] PackLoader:240 - Cannot read IP mode file for SEGGER.I-CUBE-embOS.1.3.1
2024-07-01 18:53:39,264 [WARN] PackLoader:240 - Cannot read IP mode file for STMicroelectronics.X-CUBE-ALGOBUILD.1.4.0
2024-07-01 18:53:39,268 [WARN] PackLoader:240 - Cannot read IP mode file for STMicroelectronics.X-CUBE-GNSS1.6.0.0
2024-07-01 18:53:39,281 [WARN] PackLoader:240 - Cannot read IP mode file for STMicroelectronics.X-CUBE-AZRTOS-F4.1.1.0
2024-07-01 18:53:39,287 [WARN] PackLoader:240 - Cannot read IP mode file for STMicroelectronics.X-CUBE-FREERTOS.1.2.0
2024-07-01 18:53:39,299 [WARN] PackLoader:240 - Cannot read IP mode file for STMicroelectronics.X-CUBE-AZRTOS-L5.2.0.0
2024-07-01 18:53:39,307 [WARN] PackLoader:240 - Cannot read IP mode file for STMicroelectronics.X-CUBE-NFC6.3.1.0
2024-07-01 18:53:39,313 [WARN] PackLoader:240 - Cannot read IP mode file for STMicroelectronics.X-CUBE-AI.9.0.0
2024-07-01 18:53:39,317 [WARN] PackLoader:240 - Cannot read IP mode file for STMicroelectronics.X-CUBE-NFC7.1.0.1
2024-07-01 18:53:39,326 [WARN] ConditionMgr:438 - getConditionDescription Invalid condition id : LAN8742 Phy interface Condition cause : null
2024-07-01 18:53:39,327 [WARN] PackLoader:240 - Cannot read IP mode file for STMicroelectronics.X-CUBE-AZRTOS-L4.2.0.0
2024-07-01 18:53:39,327 [WARN] ConditionMgr:1039 - genDependencies : Invalid condition id : LAN8742 Phy interface Condition cause : null
2024-07-01 18:53:39,328 [WARN] ConditionMgr:1039 - genDependencies : Invalid condition id : LAN8742 Phy interface Condition cause : null
2024-07-01 18:53:39,328 [WARN] ConditionMgr:1039 - genDependencies : Invalid condition id : LAN8742 Phy interface Condition cause : null
2024-07-01 18:53:39,332 [WARN] PackLoader:240 - Cannot read IP mode file for STMicroelectronics.X-CUBE-SFXS2LP1.4.0.0
2024-07-01 18:53:39,339 [WARN] ConditionMgr:438 - getConditionDescription Invalid condition id : UX DEVICE CLASS RTOS Condition cause : null
2024-07-01 18:53:39,339 [WARN] ConditionMgr:438 - getConditionDescription Invalid condition id : UX DEVICE CLASS RTOS Condition cause : null
2024-07-01 18:53:39,341 [WARN] PackLoader:240 - Cannot read IP mode file for STMicroelectronics.X-CUBE-AZRTOS-WB.2.0.0
2024-07-01 18:53:39,341 [WARN] ConditionMgr:1039 - genDependencies : Invalid condition id : UX DEVICE CLASS RTOS Condition cause : null
2024-07-01 18:53:39,341 [WARN] ConditionMgr:1039 - genDependencies : Invalid condition id : UX DEVICE CLASS RTOS Condition cause : null
2024-07-01 18:53:39,341 [WARN] ConditionMgr:1039 - genDependencies : Invalid condition id : UX DEVICE CLASS RTOS Condition cause : null
2024-07-01 18:53:39,342 [WARN] ConditionMgr:1039 - genDependencies : Invalid condition id : UX DEVICE CLASS RTOS Condition cause : null
2024-07-01 18:53:39,342 [WARN] ConditionMgr:1039 - genDependencies : Invalid condition id : UX DEVICE CLASS RTOS Condition cause : null
2024-07-01 18:53:39,346 [WARN] PackLoader:240 - Cannot read IP mode file for STMicroelectronics.X-CUBE-FREERTOS.1.0.1
2024-07-01 18:53:39,449 [WARN] PackLoader:240 - Cannot read IP mode file for STMicroelectronics.X-CUBE-SUBG2.5.0.0
2024-07-01 18:53:39,456 [WARN] PackLoader:240 - Cannot read IP mode file for Cesanta.I-CUBE-Mongoose.7.13.0
2024-07-01 18:53:39,471 [WARN] PackLoader:240 - Cannot read IP mode file for STMicroelectronics.X-CUBE-AZRTOS-G4.2.0.0
2024-07-01 18:53:39,477 [WARN] PackLoader:240 - Cannot read IP mode file for STMicroelectronics.X-CUBE-ISPU.2.0.0
2024-07-01 18:53:39,479 [WARN] PackLoader:240 - Cannot read IP mode file for STMicroelectronics.X-CUBE-ALS.1.0.2
2024-07-01 18:53:39,512 [WARN] PackLoader:240 - Cannot read IP mode file for STMicroelectronics.X-CUBE-MEMS1.10.0.0
2024-07-01 18:53:39,589 [WARN] PackLoader:240 - Cannot read IP mode file for STMicroelectronics.X-CUBE-TOUCHGFX.4.24.0
2024-07-01 18:53:39,619 [WARN] PackLoader:240 - Cannot read IP mode file for portGmbH.I-Cube-SoM-uGOAL.1.1.0
2024-07-01 18:53:39,630 [WARN] PackLoader:240 - Cannot read IP mode file for STMicroelectronics.X-CUBE-AZRTOS-H7RS.1.0.0
2024-07-01 18:53:39,634 [WARN] PackLoader:240 - Cannot read IP mode file for STMicroelectronics.FP-ATR-ASTRA1.2.0.0
2024-07-01 18:53:39,642 [WARN] PackLoader:240 - Cannot read IP mode file for STMicroelectronics.X-CUBE-TOF1.3.4.1
2024-07-01 18:53:39,662 [WARN] PackLoader:240 - Cannot read IP mode file for STMicroelectronics.X-CUBE-AZRTOS-H7.3.2.0
2024-07-01 18:53:39,674 [WARN] PackLoader:240 - Cannot read IP mode file for Infineon.AIROC-Wi-Fi-Bluetooth-STM32.1.6.0
2024-07-01 18:53:39,677 [INFO] ThirdParty:978 - Integrity check success = true
2024-07-01 18:53:39,677 [INFO] IntegrityCheckThread:100 - exiting critical section [integrity check]
2024-07-01 18:53:39,677 [INFO] IntegrityCheckThread:103 - End integrity checks thread
2024-07-01 18:53:45,999 [ERROR] LogOutputStream:75 - [STDERR_REDIRECT] 
